{"timestamp":"2025-08-18T01:02:18.958101","level":"info","event":"DAG bundles loaded: dags-folder","logger":"airflow.dag_processing.bundles.manager.DagBundlesManager"}
{"timestamp":"2025-08-18T01:02:18.959764","level":"info","event":"Filling up the DagBag from /opt/airflow/dags/etl_process.py","logger":"airflow.models.dagbag.DagBag"}
{"timestamp":"2025-08-18T01:02:19.638564","level":"info","event":"Found credentials in environment variables.","logger":"botocore.credentials"}
{"timestamp":"2025-08-18T01:02:19.837334","level":"info","event":"Found endpoint for s3 via: environment_service.","logger":"botocore.configprovider"}
{"timestamp":"2025-08-18T01:02:20.175355","level":"info","event":"Found credentials in environment variables.","logger":"botocore.credentials"}
{"timestamp":"2025-08-18T01:02:20.361506","level":"info","event":"Found endpoint for s3 via: environment_service.","logger":"botocore.configprovider"}
{"timestamp":"2025-08-18T01:02:20.548713","level":"info","event":"Found credentials in environment variables.","logger":"botocore.credentials"}
{"timestamp":"2025-08-18T01:02:20.943543","level":"info","event":"Found endpoint for s3 via: environment_service.","logger":"botocore.configprovider"}
{"timestamp":"2025-08-18T01:02:22.849094","level":"warning","event":"/home/airflow/.local/lib/python3.12/site-packages/sklearn/preprocessing/_encoders.py:228: UserWarning: Found unknown categories in columns [0] during transform. These unknown categories will be encoded as all zeros\n  warnings.warn(\n","logger":"py.warnings"}
{"timestamp":"2025-08-18T01:02:43.789807","level":"info","event":"Found credentials in environment variables.","logger":"botocore.credentials"}
{"timestamp":"2025-08-18T01:02:43.997157","level":"info","event":"Found endpoint for s3 via: environment_service.","logger":"botocore.configprovider"}
{"timestamp":"2025-08-18T01:02:45.428160","level":"info","event":"Found credentials in environment variables.","logger":"botocore.credentials"}
{"timestamp":"2025-08-18T01:02:45.538068","level":"info","event":"Found endpoint for s3 via: environment_service.","logger":"botocore.configprovider"}
{"timestamp":"2025-08-18T01:02:45.591808","level":"info","event":"Found credentials in environment variables.","logger":"botocore.credentials"}
{"timestamp":"2025-08-18T01:02:45.752683","level":"info","event":"Found endpoint for s3 via: environment_service.","logger":"botocore.configprovider"}
{"timestamp":"2025-08-18T01:02:46.616038","level":"info","event":"Found credentials in environment variables.","logger":"botocore.credentials"}
{"timestamp":"2025-08-18T01:02:46.719529","level":"info","event":"Found endpoint for s3 via: environment_service.","logger":"botocore.configprovider"}
{"timestamp":"2025-08-18T01:02:48.595303Z","level":"error","event":"2025/08/18 01:02:48 WARNING mlflow.models.model: `artifact_path` is deprecated. Please use `name` instead.","chan":"stderr","logger":"task"}
{"timestamp":"2025-08-18T01:02:49.554817Z","level":"error","event":"2025/08/18 01:02:49 WARNING mlflow.sklearn: Model was missing function: predict. Not logging python_function flavor!","chan":"stderr","logger":"task"}
{"timestamp":"2025-08-18T01:02:57.875517Z","level":"error","event":"\u001b[31m2025/08/18 01:02:57 WARNING mlflow.models.model: Model logged without a signature and input example. Please set `input_example` parameter when logging the model to auto infer the model signature.\u001b[0m","chan":"stderr","logger":"task"}
{"timestamp":"2025-08-18T01:02:59.903364Z","level":"info","event":"🏃 View run ETL_run_2025/08/18-01:01:39\" at: http://mlflow:5000/#/experiments/1/runs/257c772ac4c04b3b95e610060e147ebe","chan":"stdout","logger":"task"}
{"timestamp":"2025-08-18T01:02:59.905963Z","level":"info","event":"🧪 View experiment at: http://mlflow:5000/#/experiments/1","chan":"stdout","logger":"task"}
{"timestamp":"2025-08-18T01:03:00.353768","level":"info","event":"Done. Returned value was: None","logger":"airflow.task.operators.airflow.providers.standard.decorators.python._PythonDecoratedOperator"}
