{"timestamp":"2025-08-17T22:56:36.144165","level":"info","event":"DAG bundles loaded: dags-folder","logger":"airflow.dag_processing.bundles.manager.DagBundlesManager"}
{"timestamp":"2025-08-17T22:56:36.145738","level":"info","event":"Filling up the DagBag from /opt/airflow/dags/etl_process.py","logger":"airflow.models.dagbag.DagBag"}
{"timestamp":"2025-08-17T22:56:37.704817","level":"info","event":"Found credentials in environment variables.","logger":"botocore.credentials"}
{"timestamp":"2025-08-17T22:56:37.838015","level":"info","event":"Found endpoint for s3 via: environment_service.","logger":"botocore.configprovider"}
{"timestamp":"2025-08-17T22:56:38.195147","level":"info","event":"Found credentials in environment variables.","logger":"botocore.credentials"}
{"timestamp":"2025-08-17T22:56:38.283896","level":"info","event":"Found endpoint for s3 via: environment_service.","logger":"botocore.configprovider"}
{"timestamp":"2025-08-17T22:56:38.346995","level":"info","event":"Found credentials in environment variables.","logger":"botocore.credentials"}
{"timestamp":"2025-08-17T22:56:38.427502","level":"info","event":"Found endpoint for s3 via: environment_service.","logger":"botocore.configprovider"}
{"timestamp":"2025-08-17T22:56:38.935080","level":"warning","event":"/home/airflow/.local/lib/python3.12/site-packages/sklearn/preprocessing/_encoders.py:228: UserWarning: Found unknown categories in columns [0] during transform. These unknown categories will be encoded as all zeros\n  warnings.warn(\n","logger":"py.warnings"}
{"timestamp":"2025-08-17T22:56:58.432957","level":"info","event":"Found credentials in environment variables.","logger":"botocore.credentials"}
{"timestamp":"2025-08-17T22:56:58.704312","level":"info","event":"Found endpoint for s3 via: environment_service.","logger":"botocore.configprovider"}
{"timestamp":"2025-08-17T22:57:02.455022","level":"info","event":"Found credentials in environment variables.","logger":"botocore.credentials"}
{"timestamp":"2025-08-17T22:57:02.615652","level":"info","event":"Found endpoint for s3 via: environment_service.","logger":"botocore.configprovider"}
{"timestamp":"2025-08-17T22:57:02.853817","level":"info","event":"Found credentials in environment variables.","logger":"botocore.credentials"}
{"timestamp":"2025-08-17T22:57:03.196167","level":"info","event":"Found endpoint for s3 via: environment_service.","logger":"botocore.configprovider"}
{"timestamp":"2025-08-17T22:57:04.509545","level":"info","event":"Found credentials in environment variables.","logger":"botocore.credentials"}
{"timestamp":"2025-08-17T22:57:04.745771","level":"info","event":"Found endpoint for s3 via: environment_service.","logger":"botocore.configprovider"}
{"timestamp":"2025-08-17T22:57:07.054971Z","level":"error","event":"2025/08/17 22:57:07 WARNING mlflow.models.model: `artifact_path` is deprecated. Please use `name` instead.","chan":"stderr","logger":"task"}
{"timestamp":"2025-08-17T22:57:07.891943Z","level":"error","event":"2025/08/17 22:57:07 WARNING mlflow.sklearn: Model was missing function: predict. Not logging python_function flavor!","chan":"stderr","logger":"task"}
{"timestamp":"2025-08-17T22:57:18.491654Z","level":"error","event":"\u001b[31m2025/08/17 22:57:18 WARNING mlflow.models.model: Model logged without a signature and input example. Please set `input_example` parameter when logging the model to auto infer the model signature.\u001b[0m","chan":"stderr","logger":"task"}
{"timestamp":"2025-08-17T22:57:20.004185Z","level":"info","event":"🏃 View run ETL_run_2025/08/17-22:56:00\" at: http://mlflow:5000/#/experiments/1/runs/22d2c12f48df46c3b07e50bea0e4073b","chan":"stdout","logger":"task"}
{"timestamp":"2025-08-17T22:57:20.004543Z","level":"info","event":"🧪 View experiment at: http://mlflow:5000/#/experiments/1","chan":"stdout","logger":"task"}
{"timestamp":"2025-08-17T22:57:20.157772","level":"info","event":"Done. Returned value was: None","logger":"airflow.task.operators.airflow.providers.standard.decorators.python._PythonDecoratedOperator"}
