{"timestamp":"2025-08-18T02:06:15.999083","level":"info","event":"DAG bundles loaded: dags-folder","logger":"airflow.dag_processing.bundles.manager.DagBundlesManager"}
{"timestamp":"2025-08-18T02:06:16.003348","level":"info","event":"Filling up the DagBag from /opt/airflow/dags/retrain_the_model.py","logger":"airflow.models.dagbag.DagBag"}
{"timestamp":"2025-08-18T02:06:19.008016","level":"info","event":"Found credentials in environment variables.","logger":"botocore.credentials"}
{"timestamp":"2025-08-18T02:06:19.690954","level":"info","event":"Found endpoint for s3 via: environment_service.","logger":"botocore.configprovider"}
{"timestamp":"2025-08-18T02:06:21.926979","level":"info","event":"Found credentials in environment variables.","logger":"botocore.credentials"}
{"timestamp":"2025-08-18T02:06:22.101529","level":"info","event":"Found endpoint for s3 via: environment_service.","logger":"botocore.configprovider"}
{"timestamp":"2025-08-18T02:06:22.207279","level":"info","event":"Found credentials in environment variables.","logger":"botocore.credentials"}
{"timestamp":"2025-08-18T02:06:22.415260","level":"info","event":"Found endpoint for s3 via: environment_service.","logger":"botocore.configprovider"}
{"timestamp":"2025-08-18T02:06:22.872559","level":"info","event":"Found credentials in environment variables.","logger":"botocore.credentials"}
{"timestamp":"2025-08-18T02:06:23.046413","level":"info","event":"Found endpoint for s3 via: environment_service.","logger":"botocore.configprovider"}
{"timestamp":"2025-08-18T02:06:24.776585Z","level":"info","event":"No champion model found. Training initial model...","chan":"stdout","logger":"task"}
{"timestamp":"2025-08-18T02:06:25.149630Z","level":"error","event":"2025/08/18 02:06:25 INFO mlflow.system_metrics.system_metrics_monitor: Skip logging GPU metrics. Set logger level to DEBUG for more details.","chan":"stderr","logger":"task"}
{"timestamp":"2025-08-18T02:06:25.153627Z","level":"error","event":"2025/08/18 02:06:25 INFO mlflow.system_metrics.system_metrics_monitor: Started monitoring system metrics.","chan":"stderr","logger":"task"}
{"timestamp":"2025-08-18T02:06:25.245400","level":"warning","event":"/home/airflow/.local/lib/python3.12/site-packages/joblib/parallel.py:1379: UserWarning: Loky-backed parallel loops cannot be called in a multiprocessing, setting n_jobs=1\n  n_jobs = self._backend.configure(\n","logger":"py.warnings"}
{"timestamp":"2025-08-18T02:06:32.406535","level":"warning","event":"/home/airflow/.local/lib/python3.12/site-packages/sklearn/ensemble/_base.py:214: UserWarning: Loky-backed parallel loops cannot be called in a multiprocessing, setting n_jobs=1\n  n_jobs = min(effective_n_jobs(n_jobs), n_estimators)\n","logger":"py.warnings"}
{"timestamp":"2025-08-18T02:06:36.811077","level":"warning","event":"/home/airflow/.local/lib/python3.12/site-packages/sklearn/ensemble/_base.py:214: UserWarning: Loky-backed parallel loops cannot be called in a multiprocessing, setting n_jobs=1\n  n_jobs = min(effective_n_jobs(n_jobs), n_estimators)\n","logger":"py.warnings"}
{"timestamp":"2025-08-18T02:06:39.705766","level":"warning","event":"/home/airflow/.local/lib/python3.12/site-packages/sklearn/ensemble/_base.py:214: UserWarning: Loky-backed parallel loops cannot be called in a multiprocessing, setting n_jobs=1\n  n_jobs = min(effective_n_jobs(n_jobs), n_estimators)\n","logger":"py.warnings"}
{"timestamp":"2025-08-18T02:06:44.211635","level":"warning","event":"/home/airflow/.local/lib/python3.12/site-packages/sklearn/ensemble/_base.py:214: UserWarning: Loky-backed parallel loops cannot be called in a multiprocessing, setting n_jobs=1\n  n_jobs = min(effective_n_jobs(n_jobs), n_estimators)\n","logger":"py.warnings"}
{"timestamp":"2025-08-18T02:06:47.923129","level":"warning","event":"/home/airflow/.local/lib/python3.12/site-packages/sklearn/ensemble/_base.py:214: UserWarning: Loky-backed parallel loops cannot be called in a multiprocessing, setting n_jobs=1\n  n_jobs = min(effective_n_jobs(n_jobs), n_estimators)\n","logger":"py.warnings"}
{"timestamp":"2025-08-18T02:06:48.443346Z","level":"info","event":"🏃 View run RF Trial: 0 at: http://mlflow:5000/#/experiments/1/runs/c4d3e5576aac4699bde5d68cc0db617b","chan":"stdout","logger":"task"}
{"timestamp":"2025-08-18T02:06:48.445380Z","level":"info","event":"🧪 View experiment at: http://mlflow:5000/#/experiments/1","chan":"stdout","logger":"task"}
{"timestamp":"2025-08-18T02:06:48.486540Z","level":"info","event":"Initial trial 0 achieved value: 0.6112593903219918","chan":"stdout","logger":"task"}
{"timestamp":"2025-08-18T02:06:48.550193","level":"warning","event":"/home/airflow/.local/lib/python3.12/site-packages/joblib/parallel.py:1379: UserWarning: Loky-backed parallel loops cannot be called in a multiprocessing, setting n_jobs=1\n  n_jobs = self._backend.configure(\n","logger":"py.warnings"}
{"timestamp":"2025-08-18T02:06:50.368421","level":"warning","event":"/home/airflow/.local/lib/python3.12/site-packages/sklearn/ensemble/_base.py:214: UserWarning: Loky-backed parallel loops cannot be called in a multiprocessing, setting n_jobs=1\n  n_jobs = min(effective_n_jobs(n_jobs), n_estimators)\n","logger":"py.warnings"}
{"timestamp":"2025-08-18T02:06:53.734300","level":"warning","event":"/home/airflow/.local/lib/python3.12/site-packages/sklearn/ensemble/_base.py:214: UserWarning: Loky-backed parallel loops cannot be called in a multiprocessing, setting n_jobs=1\n  n_jobs = min(effective_n_jobs(n_jobs), n_estimators)\n","logger":"py.warnings"}
{"timestamp":"2025-08-18T02:06:55.663845","level":"warning","event":"/home/airflow/.local/lib/python3.12/site-packages/sklearn/ensemble/_base.py:214: UserWarning: Loky-backed parallel loops cannot be called in a multiprocessing, setting n_jobs=1\n  n_jobs = min(effective_n_jobs(n_jobs), n_estimators)\n","logger":"py.warnings"}
{"timestamp":"2025-08-18T02:06:57.029651","level":"warning","event":"/home/airflow/.local/lib/python3.12/site-packages/sklearn/ensemble/_base.py:214: UserWarning: Loky-backed parallel loops cannot be called in a multiprocessing, setting n_jobs=1\n  n_jobs = min(effective_n_jobs(n_jobs), n_estimators)\n","logger":"py.warnings"}
{"timestamp":"2025-08-18T02:06:58.281576","level":"warning","event":"/home/airflow/.local/lib/python3.12/site-packages/sklearn/ensemble/_base.py:214: UserWarning: Loky-backed parallel loops cannot be called in a multiprocessing, setting n_jobs=1\n  n_jobs = min(effective_n_jobs(n_jobs), n_estimators)\n","logger":"py.warnings"}
{"timestamp":"2025-08-18T02:06:58.472211Z","level":"info","event":"🏃 View run RF Trial: 1 at: http://mlflow:5000/#/experiments/1/runs/85729259ef5846bfbac4918f0da7e064","chan":"stdout","logger":"task"}
{"timestamp":"2025-08-18T02:06:58.472499Z","level":"info","event":"🧪 View experiment at: http://mlflow:5000/#/experiments/1","chan":"stdout","logger":"task"}
{"timestamp":"2025-08-18T02:06:58.491530Z","level":"info","event":"Trial 1 achieved value: 0.6432755740656738 with  4.9771% improvement","chan":"stdout","logger":"task"}
{"timestamp":"2025-08-18T02:06:58.523962","level":"warning","event":"/home/airflow/.local/lib/python3.12/site-packages/joblib/parallel.py:1379: UserWarning: Loky-backed parallel loops cannot be called in a multiprocessing, setting n_jobs=1\n  n_jobs = self._backend.configure(\n","logger":"py.warnings"}
{"timestamp":"2025-08-18T02:07:01.987513","level":"warning","event":"/home/airflow/.local/lib/python3.12/site-packages/sklearn/ensemble/_base.py:214: UserWarning: Loky-backed parallel loops cannot be called in a multiprocessing, setting n_jobs=1\n  n_jobs = min(effective_n_jobs(n_jobs), n_estimators)\n","logger":"py.warnings"}
{"timestamp":"2025-08-18T02:07:06.054119","level":"warning","event":"/home/airflow/.local/lib/python3.12/site-packages/sklearn/ensemble/_base.py:214: UserWarning: Loky-backed parallel loops cannot be called in a multiprocessing, setting n_jobs=1\n  n_jobs = min(effective_n_jobs(n_jobs), n_estimators)\n","logger":"py.warnings"}
{"timestamp":"2025-08-18T02:07:09.892433","level":"warning","event":"/home/airflow/.local/lib/python3.12/site-packages/sklearn/ensemble/_base.py:214: UserWarning: Loky-backed parallel loops cannot be called in a multiprocessing, setting n_jobs=1\n  n_jobs = min(effective_n_jobs(n_jobs), n_estimators)\n","logger":"py.warnings"}
{"timestamp":"2025-08-18T02:07:14.156233","level":"warning","event":"/home/airflow/.local/lib/python3.12/site-packages/sklearn/ensemble/_base.py:214: UserWarning: Loky-backed parallel loops cannot be called in a multiprocessing, setting n_jobs=1\n  n_jobs = min(effective_n_jobs(n_jobs), n_estimators)\n","logger":"py.warnings"}
{"timestamp":"2025-08-18T02:07:18.099634","level":"warning","event":"/home/airflow/.local/lib/python3.12/site-packages/sklearn/ensemble/_base.py:214: UserWarning: Loky-backed parallel loops cannot be called in a multiprocessing, setting n_jobs=1\n  n_jobs = min(effective_n_jobs(n_jobs), n_estimators)\n","logger":"py.warnings"}
{"timestamp":"2025-08-18T02:07:18.437219Z","level":"info","event":"🏃 View run RF Trial: 2 at: http://mlflow:5000/#/experiments/1/runs/4943b2e4802f4c0ca350fd9085c94826","chan":"stdout","logger":"task"}
{"timestamp":"2025-08-18T02:07:18.437763Z","level":"info","event":"🧪 View experiment at: http://mlflow:5000/#/experiments/1","chan":"stdout","logger":"task"}
{"timestamp":"2025-08-18T02:07:18.474502Z","level":"info","event":"Trial 2 achieved value: 0.6542621620648033 with  1.6792% improvement","chan":"stdout","logger":"task"}
{"timestamp":"2025-08-18T02:07:18.659582","level":"warning","event":"/home/airflow/.local/lib/python3.12/site-packages/joblib/parallel.py:1379: UserWarning: Loky-backed parallel loops cannot be called in a multiprocessing, setting n_jobs=1\n  n_jobs = self._backend.configure(\n","logger":"py.warnings"}
{"timestamp":"2025-08-18T02:07:20.653654","level":"warning","event":"/home/airflow/.local/lib/python3.12/site-packages/sklearn/ensemble/_base.py:214: UserWarning: Loky-backed parallel loops cannot be called in a multiprocessing, setting n_jobs=1\n  n_jobs = min(effective_n_jobs(n_jobs), n_estimators)\n","logger":"py.warnings"}
{"timestamp":"2025-08-18T02:07:22.535923","level":"warning","event":"/home/airflow/.local/lib/python3.12/site-packages/sklearn/ensemble/_base.py:214: UserWarning: Loky-backed parallel loops cannot be called in a multiprocessing, setting n_jobs=1\n  n_jobs = min(effective_n_jobs(n_jobs), n_estimators)\n","logger":"py.warnings"}
{"timestamp":"2025-08-18T02:07:24.755665","level":"warning","event":"/home/airflow/.local/lib/python3.12/site-packages/sklearn/ensemble/_base.py:214: UserWarning: Loky-backed parallel loops cannot be called in a multiprocessing, setting n_jobs=1\n  n_jobs = min(effective_n_jobs(n_jobs), n_estimators)\n","logger":"py.warnings"}
{"timestamp":"2025-08-18T02:07:27.206385","level":"warning","event":"/home/airflow/.local/lib/python3.12/site-packages/sklearn/ensemble/_base.py:214: UserWarning: Loky-backed parallel loops cannot be called in a multiprocessing, setting n_jobs=1\n  n_jobs = min(effective_n_jobs(n_jobs), n_estimators)\n","logger":"py.warnings"}
{"timestamp":"2025-08-18T02:07:28.961057","level":"warning","event":"/home/airflow/.local/lib/python3.12/site-packages/sklearn/ensemble/_base.py:214: UserWarning: Loky-backed parallel loops cannot be called in a multiprocessing, setting n_jobs=1\n  n_jobs = min(effective_n_jobs(n_jobs), n_estimators)\n","logger":"py.warnings"}
{"timestamp":"2025-08-18T02:07:29.237046Z","level":"info","event":"🏃 View run RF Trial: 3 at: http://mlflow:5000/#/experiments/1/runs/194f68f6a0ed4707a717c65009f63846","chan":"stdout","logger":"task"}
{"timestamp":"2025-08-18T02:07:29.237401Z","level":"info","event":"🧪 View experiment at: http://mlflow:5000/#/experiments/1","chan":"stdout","logger":"task"}
{"timestamp":"2025-08-18T02:07:29.282093","level":"warning","event":"/home/airflow/.local/lib/python3.12/site-packages/joblib/parallel.py:1379: UserWarning: Loky-backed parallel loops cannot be called in a multiprocessing, setting n_jobs=1\n  n_jobs = self._backend.configure(\n","logger":"py.warnings"}
{"timestamp":"2025-08-18T02:07:34.013400","level":"warning","event":"/home/airflow/.local/lib/python3.12/site-packages/sklearn/ensemble/_base.py:214: UserWarning: Loky-backed parallel loops cannot be called in a multiprocessing, setting n_jobs=1\n  n_jobs = min(effective_n_jobs(n_jobs), n_estimators)\n","logger":"py.warnings"}
{"timestamp":"2025-08-18T02:07:39.464065","level":"warning","event":"/home/airflow/.local/lib/python3.12/site-packages/sklearn/ensemble/_base.py:214: UserWarning: Loky-backed parallel loops cannot be called in a multiprocessing, setting n_jobs=1\n  n_jobs = min(effective_n_jobs(n_jobs), n_estimators)\n","logger":"py.warnings"}
{"timestamp":"2025-08-18T02:07:47.487282","level":"warning","event":"/home/airflow/.local/lib/python3.12/site-packages/sklearn/ensemble/_base.py:214: UserWarning: Loky-backed parallel loops cannot be called in a multiprocessing, setting n_jobs=1\n  n_jobs = min(effective_n_jobs(n_jobs), n_estimators)\n","logger":"py.warnings"}
{"timestamp":"2025-08-18T02:07:54.159356","level":"warning","event":"/home/airflow/.local/lib/python3.12/site-packages/sklearn/ensemble/_base.py:214: UserWarning: Loky-backed parallel loops cannot be called in a multiprocessing, setting n_jobs=1\n  n_jobs = min(effective_n_jobs(n_jobs), n_estimators)\n","logger":"py.warnings"}
{"timestamp":"2025-08-18T02:07:59.422129","level":"warning","event":"/home/airflow/.local/lib/python3.12/site-packages/sklearn/ensemble/_base.py:214: UserWarning: Loky-backed parallel loops cannot be called in a multiprocessing, setting n_jobs=1\n  n_jobs = min(effective_n_jobs(n_jobs), n_estimators)\n","logger":"py.warnings"}
{"timestamp":"2025-08-18T02:08:00.170759Z","level":"info","event":"🏃 View run RF Trial: 4 at: http://mlflow:5000/#/experiments/1/runs/27388c3399fe4ef7ab71b02a275b1327","chan":"stdout","logger":"task"}
{"timestamp":"2025-08-18T02:08:00.171187Z","level":"info","event":"🧪 View experiment at: http://mlflow:5000/#/experiments/1","chan":"stdout","logger":"task"}
{"timestamp":"2025-08-18T02:08:00.202093Z","level":"info","event":"Trial 4 achieved value: 0.6609686155828388 with  1.0146% improvement","chan":"stdout","logger":"task"}
{"timestamp":"2025-08-18T02:08:00.324109","level":"warning","event":"/home/airflow/.local/lib/python3.12/site-packages/joblib/parallel.py:1379: UserWarning: Loky-backed parallel loops cannot be called in a multiprocessing, setting n_jobs=1\n  n_jobs = self._backend.configure(\n","logger":"py.warnings"}
{"timestamp":"2025-08-18T02:08:02.462903","level":"warning","event":"/home/airflow/.local/lib/python3.12/site-packages/sklearn/ensemble/_base.py:214: UserWarning: Loky-backed parallel loops cannot be called in a multiprocessing, setting n_jobs=1\n  n_jobs = min(effective_n_jobs(n_jobs), n_estimators)\n","logger":"py.warnings"}
{"timestamp":"2025-08-18T02:08:03.901864","level":"warning","event":"/home/airflow/.local/lib/python3.12/site-packages/sklearn/ensemble/_base.py:214: UserWarning: Loky-backed parallel loops cannot be called in a multiprocessing, setting n_jobs=1\n  n_jobs = min(effective_n_jobs(n_jobs), n_estimators)\n","logger":"py.warnings"}
{"timestamp":"2025-08-18T02:08:05.062192","level":"warning","event":"/home/airflow/.local/lib/python3.12/site-packages/sklearn/ensemble/_base.py:214: UserWarning: Loky-backed parallel loops cannot be called in a multiprocessing, setting n_jobs=1\n  n_jobs = min(effective_n_jobs(n_jobs), n_estimators)\n","logger":"py.warnings"}
{"timestamp":"2025-08-18T02:08:06.255262","level":"warning","event":"/home/airflow/.local/lib/python3.12/site-packages/sklearn/ensemble/_base.py:214: UserWarning: Loky-backed parallel loops cannot be called in a multiprocessing, setting n_jobs=1\n  n_jobs = min(effective_n_jobs(n_jobs), n_estimators)\n","logger":"py.warnings"}
{"timestamp":"2025-08-18T02:08:07.427398","level":"warning","event":"/home/airflow/.local/lib/python3.12/site-packages/sklearn/ensemble/_base.py:214: UserWarning: Loky-backed parallel loops cannot be called in a multiprocessing, setting n_jobs=1\n  n_jobs = min(effective_n_jobs(n_jobs), n_estimators)\n","logger":"py.warnings"}
{"timestamp":"2025-08-18T02:08:07.687320Z","level":"info","event":"🏃 View run RF Trial: 5 at: http://mlflow:5000/#/experiments/1/runs/f3b336c1bf094f8788e103a24bf8d0aa","chan":"stdout","logger":"task"}
{"timestamp":"2025-08-18T02:08:07.687715Z","level":"info","event":"🧪 View experiment at: http://mlflow:5000/#/experiments/1","chan":"stdout","logger":"task"}
{"timestamp":"2025-08-18T02:08:07.754354","level":"warning","event":"/home/airflow/.local/lib/python3.12/site-packages/joblib/parallel.py:1379: UserWarning: Loky-backed parallel loops cannot be called in a multiprocessing, setting n_jobs=1\n  n_jobs = self._backend.configure(\n","logger":"py.warnings"}
{"timestamp":"2025-08-18T02:08:13.084459","level":"warning","event":"/home/airflow/.local/lib/python3.12/site-packages/sklearn/ensemble/_base.py:214: UserWarning: Loky-backed parallel loops cannot be called in a multiprocessing, setting n_jobs=1\n  n_jobs = min(effective_n_jobs(n_jobs), n_estimators)\n","logger":"py.warnings"}
{"timestamp":"2025-08-18T02:08:18.566312","level":"warning","event":"/home/airflow/.local/lib/python3.12/site-packages/sklearn/ensemble/_base.py:214: UserWarning: Loky-backed parallel loops cannot be called in a multiprocessing, setting n_jobs=1\n  n_jobs = min(effective_n_jobs(n_jobs), n_estimators)\n","logger":"py.warnings"}
{"timestamp":"2025-08-18T02:08:22.481307","level":"warning","event":"/home/airflow/.local/lib/python3.12/site-packages/sklearn/ensemble/_base.py:214: UserWarning: Loky-backed parallel loops cannot be called in a multiprocessing, setting n_jobs=1\n  n_jobs = min(effective_n_jobs(n_jobs), n_estimators)\n","logger":"py.warnings"}
{"timestamp":"2025-08-18T02:08:26.371438","level":"warning","event":"/home/airflow/.local/lib/python3.12/site-packages/sklearn/ensemble/_base.py:214: UserWarning: Loky-backed parallel loops cannot be called in a multiprocessing, setting n_jobs=1\n  n_jobs = min(effective_n_jobs(n_jobs), n_estimators)\n","logger":"py.warnings"}
{"timestamp":"2025-08-18T02:08:30.421440","level":"warning","event":"/home/airflow/.local/lib/python3.12/site-packages/sklearn/ensemble/_base.py:214: UserWarning: Loky-backed parallel loops cannot be called in a multiprocessing, setting n_jobs=1\n  n_jobs = min(effective_n_jobs(n_jobs), n_estimators)\n","logger":"py.warnings"}
{"timestamp":"2025-08-18T02:08:30.827920Z","level":"info","event":"🏃 View run RF Trial: 6 at: http://mlflow:5000/#/experiments/1/runs/616b79cbd53f4ff9a40c8f0a37007f06","chan":"stdout","logger":"task"}
{"timestamp":"2025-08-18T02:08:30.828325Z","level":"info","event":"🧪 View experiment at: http://mlflow:5000/#/experiments/1","chan":"stdout","logger":"task"}
{"timestamp":"2025-08-18T02:08:30.918016","level":"warning","event":"/home/airflow/.local/lib/python3.12/site-packages/joblib/parallel.py:1379: UserWarning: Loky-backed parallel loops cannot be called in a multiprocessing, setting n_jobs=1\n  n_jobs = self._backend.configure(\n","logger":"py.warnings"}
{"timestamp":"2025-08-18T02:08:34.998173","level":"warning","event":"/home/airflow/.local/lib/python3.12/site-packages/sklearn/ensemble/_base.py:214: UserWarning: Loky-backed parallel loops cannot be called in a multiprocessing, setting n_jobs=1\n  n_jobs = min(effective_n_jobs(n_jobs), n_estimators)\n","logger":"py.warnings"}
{"timestamp":"2025-08-18T02:08:38.917232","level":"warning","event":"/home/airflow/.local/lib/python3.12/site-packages/sklearn/ensemble/_base.py:214: UserWarning: Loky-backed parallel loops cannot be called in a multiprocessing, setting n_jobs=1\n  n_jobs = min(effective_n_jobs(n_jobs), n_estimators)\n","logger":"py.warnings"}
{"timestamp":"2025-08-18T02:08:45.532414","level":"warning","event":"/home/airflow/.local/lib/python3.12/site-packages/sklearn/ensemble/_base.py:214: UserWarning: Loky-backed parallel loops cannot be called in a multiprocessing, setting n_jobs=1\n  n_jobs = min(effective_n_jobs(n_jobs), n_estimators)\n","logger":"py.warnings"}
{"timestamp":"2025-08-18T02:08:50.528866","level":"warning","event":"/home/airflow/.local/lib/python3.12/site-packages/sklearn/ensemble/_base.py:214: UserWarning: Loky-backed parallel loops cannot be called in a multiprocessing, setting n_jobs=1\n  n_jobs = min(effective_n_jobs(n_jobs), n_estimators)\n","logger":"py.warnings"}
{"timestamp":"2025-08-18T02:08:57.220177","level":"warning","event":"/home/airflow/.local/lib/python3.12/site-packages/sklearn/ensemble/_base.py:214: UserWarning: Loky-backed parallel loops cannot be called in a multiprocessing, setting n_jobs=1\n  n_jobs = min(effective_n_jobs(n_jobs), n_estimators)\n","logger":"py.warnings"}
{"timestamp":"2025-08-18T02:08:57.712840Z","level":"info","event":"🏃 View run RF Trial: 7 at: http://mlflow:5000/#/experiments/1/runs/f6884ad84ad74485a80f3e163df949dc","chan":"stdout","logger":"task"}
{"timestamp":"2025-08-18T02:08:57.713170Z","level":"info","event":"🧪 View experiment at: http://mlflow:5000/#/experiments/1","chan":"stdout","logger":"task"}
{"timestamp":"2025-08-18T02:08:57.809836","level":"warning","event":"/home/airflow/.local/lib/python3.12/site-packages/joblib/parallel.py:1379: UserWarning: Loky-backed parallel loops cannot be called in a multiprocessing, setting n_jobs=1\n  n_jobs = self._backend.configure(\n","logger":"py.warnings"}
{"timestamp":"2025-08-18T02:08:59.991855","level":"warning","event":"/home/airflow/.local/lib/python3.12/site-packages/sklearn/ensemble/_base.py:214: UserWarning: Loky-backed parallel loops cannot be called in a multiprocessing, setting n_jobs=1\n  n_jobs = min(effective_n_jobs(n_jobs), n_estimators)\n","logger":"py.warnings"}
{"timestamp":"2025-08-18T02:09:02.939073","level":"warning","event":"/home/airflow/.local/lib/python3.12/site-packages/sklearn/ensemble/_base.py:214: UserWarning: Loky-backed parallel loops cannot be called in a multiprocessing, setting n_jobs=1\n  n_jobs = min(effective_n_jobs(n_jobs), n_estimators)\n","logger":"py.warnings"}
{"timestamp":"2025-08-18T02:09:05.538997","level":"warning","event":"/home/airflow/.local/lib/python3.12/site-packages/sklearn/ensemble/_base.py:214: UserWarning: Loky-backed parallel loops cannot be called in a multiprocessing, setting n_jobs=1\n  n_jobs = min(effective_n_jobs(n_jobs), n_estimators)\n","logger":"py.warnings"}
{"timestamp":"2025-08-18T02:09:07.802919","level":"warning","event":"/home/airflow/.local/lib/python3.12/site-packages/sklearn/ensemble/_base.py:214: UserWarning: Loky-backed parallel loops cannot be called in a multiprocessing, setting n_jobs=1\n  n_jobs = min(effective_n_jobs(n_jobs), n_estimators)\n","logger":"py.warnings"}
{"timestamp":"2025-08-18T02:09:10.506731","level":"warning","event":"/home/airflow/.local/lib/python3.12/site-packages/sklearn/ensemble/_base.py:214: UserWarning: Loky-backed parallel loops cannot be called in a multiprocessing, setting n_jobs=1\n  n_jobs = min(effective_n_jobs(n_jobs), n_estimators)\n","logger":"py.warnings"}
{"timestamp":"2025-08-18T02:09:10.905656Z","level":"info","event":"🏃 View run RF Trial: 8 at: http://mlflow:5000/#/experiments/1/runs/8adda1675e514700a33507aa718d2d4d","chan":"stdout","logger":"task"}
{"timestamp":"2025-08-18T02:09:10.908146Z","level":"info","event":"🧪 View experiment at: http://mlflow:5000/#/experiments/1","chan":"stdout","logger":"task"}
{"timestamp":"2025-08-18T02:09:11.018412","level":"warning","event":"/home/airflow/.local/lib/python3.12/site-packages/joblib/parallel.py:1379: UserWarning: Loky-backed parallel loops cannot be called in a multiprocessing, setting n_jobs=1\n  n_jobs = self._backend.configure(\n","logger":"py.warnings"}
{"timestamp":"2025-08-18T02:09:13.225956","level":"warning","event":"/home/airflow/.local/lib/python3.12/site-packages/sklearn/ensemble/_base.py:214: UserWarning: Loky-backed parallel loops cannot be called in a multiprocessing, setting n_jobs=1\n  n_jobs = min(effective_n_jobs(n_jobs), n_estimators)\n","logger":"py.warnings"}
{"timestamp":"2025-08-18T02:09:14.972126","level":"warning","event":"/home/airflow/.local/lib/python3.12/site-packages/sklearn/ensemble/_base.py:214: UserWarning: Loky-backed parallel loops cannot be called in a multiprocessing, setting n_jobs=1\n  n_jobs = min(effective_n_jobs(n_jobs), n_estimators)\n","logger":"py.warnings"}
{"timestamp":"2025-08-18T02:09:16.984239","level":"warning","event":"/home/airflow/.local/lib/python3.12/site-packages/sklearn/ensemble/_base.py:214: UserWarning: Loky-backed parallel loops cannot be called in a multiprocessing, setting n_jobs=1\n  n_jobs = min(effective_n_jobs(n_jobs), n_estimators)\n","logger":"py.warnings"}
{"timestamp":"2025-08-18T02:09:19.573073","level":"warning","event":"/home/airflow/.local/lib/python3.12/site-packages/sklearn/ensemble/_base.py:214: UserWarning: Loky-backed parallel loops cannot be called in a multiprocessing, setting n_jobs=1\n  n_jobs = min(effective_n_jobs(n_jobs), n_estimators)\n","logger":"py.warnings"}
{"timestamp":"2025-08-18T02:09:22.822248","level":"warning","event":"/home/airflow/.local/lib/python3.12/site-packages/sklearn/ensemble/_base.py:214: UserWarning: Loky-backed parallel loops cannot be called in a multiprocessing, setting n_jobs=1\n  n_jobs = min(effective_n_jobs(n_jobs), n_estimators)\n","logger":"py.warnings"}
{"timestamp":"2025-08-18T02:09:23.157341Z","level":"info","event":"🏃 View run RF Trial: 9 at: http://mlflow:5000/#/experiments/1/runs/7c7842e394de4713b6a8cb909f44ea04","chan":"stdout","logger":"task"}
{"timestamp":"2025-08-18T02:09:23.157735Z","level":"info","event":"🧪 View experiment at: http://mlflow:5000/#/experiments/1","chan":"stdout","logger":"task"}
{"timestamp":"2025-08-18T02:09:26.784194","level":"warning","event":"/home/airflow/.local/lib/python3.12/site-packages/sklearn/ensemble/_base.py:214: UserWarning: Loky-backed parallel loops cannot be called in a multiprocessing, setting n_jobs=1\n  n_jobs = min(effective_n_jobs(n_jobs), n_estimators)\n","logger":"py.warnings"}
{"timestamp":"2025-08-18T02:09:28.693830","level":"warning","event":"/home/airflow/.local/lib/python3.12/site-packages/sklearn/ensemble/_base.py:214: UserWarning: Loky-backed parallel loops cannot be called in a multiprocessing, setting n_jobs=1\n  n_jobs = min(effective_n_jobs(n_jobs), n_estimators)\n","logger":"py.warnings"}
{"timestamp":"2025-08-18T02:09:31.500886","level":"info","event":"Found credentials in environment variables.","logger":"botocore.credentials"}
{"timestamp":"2025-08-18T02:09:33.917242","level":"warning","event":"/home/airflow/.local/lib/python3.12/site-packages/sklearn/ensemble/_base.py:214: UserWarning: Loky-backed parallel loops cannot be called in a multiprocessing, setting n_jobs=1\n  n_jobs = min(effective_n_jobs(n_jobs), n_estimators)\n","logger":"py.warnings"}
{"timestamp":"2025-08-18T02:09:48.136270Z","level":"error","event":"Successfully registered model 'airbnb_model_prod'.","chan":"stderr","logger":"task"}
{"timestamp":"2025-08-18T02:09:48.342556Z","level":"error","event":"2025/08/18 02:09:48 INFO mlflow.store.model_registry.abstract_store: Waiting up to 300 seconds for model version to finish creation. Model name: airbnb_model_prod, version 1","chan":"stderr","logger":"task"}
{"timestamp":"2025-08-18T02:09:48.343214Z","level":"error","event":"Created version '1' of model 'airbnb_model_prod'.","chan":"stderr","logger":"task"}
{"timestamp":"2025-08-18T02:09:48.643231","level":"error","event":"Task failed with exception","logger":"task","error_detail":[{"exc_type":"TypeError","exc_value":"processing_dag.<locals>.train_or_init_model.<locals>.register() got multiple values for argument 'alias'","exc_notes":[],"syntax_error":null,"is_cause":false,"frames":[{"filename":"/home/airflow/.local/lib/python3.12/site-packages/airflow/sdk/execution_time/task_runner.py","lineno":867,"name":"run"},{"filename":"/home/airflow/.local/lib/python3.12/site-packages/airflow/sdk/execution_time/task_runner.py","lineno":1159,"name":"_execute_task"},{"filename":"/home/airflow/.local/lib/python3.12/site-packages/airflow/sdk/bases/operator.py","lineno":397,"name":"wrapper"},{"filename":"/home/airflow/.local/lib/python3.12/site-packages/airflow/sdk/bases/decorator.py","lineno":251,"name":"execute"},{"filename":"/home/airflow/.local/lib/python3.12/site-packages/airflow/sdk/bases/operator.py","lineno":397,"name":"wrapper"},{"filename":"/home/airflow/.local/lib/python3.12/site-packages/airflow/providers/standard/operators/python.py","lineno":216,"name":"execute"},{"filename":"/home/airflow/.local/lib/python3.12/site-packages/airflow/providers/standard/operators/python.py","lineno":239,"name":"execute_callable"},{"filename":"/home/airflow/.local/lib/python3.12/site-packages/airflow/sdk/execution_time/callback_runner.py","lineno":81,"name":"run"},{"filename":"/opt/airflow/dags/retrain_the_model.py","lineno":273,"name":"train_or_init_model"}],"is_group":false,"exceptions":[]}]}
{"timestamp":"2025-08-18T02:09:48.896572Z","level":"info","event":"🏃 View run best_hyperparam_2025/08/18-02:06:24 at: http://mlflow:5000/#/experiments/1/runs/386ad1c1e9fe495dbe431c5f8496b2a2","chan":"stdout","logger":"task"}
{"timestamp":"2025-08-18T02:09:48.896909Z","level":"info","event":"🧪 View experiment at: http://mlflow:5000/#/experiments/1","chan":"stdout","logger":"task"}
{"timestamp":"2025-08-18T02:09:48.897136Z","level":"error","event":"2025/08/18 02:09:48 INFO mlflow.system_metrics.system_metrics_monitor: Stopping system metrics monitoring...","chan":"stderr","logger":"task"}
{"timestamp":"2025-08-18T02:09:48.897292Z","level":"error","event":"2025/08/18 02:09:48 INFO mlflow.system_metrics.system_metrics_monitor: Successfully terminated system metrics monitoring!","chan":"stderr","logger":"task"}
