{"timestamp":"2025-08-18T02:15:06.923935","level":"info","event":"DAG bundles loaded: dags-folder","logger":"airflow.dag_processing.bundles.manager.DagBundlesManager"}
{"timestamp":"2025-08-18T02:15:06.925650","level":"info","event":"Filling up the DagBag from /opt/airflow/dags/retrain_the_model.py","logger":"airflow.models.dagbag.DagBag"}
{"timestamp":"2025-08-18T02:15:08.580390","level":"info","event":"Found credentials in environment variables.","logger":"botocore.credentials"}
{"timestamp":"2025-08-18T02:15:08.818107","level":"info","event":"Found endpoint for s3 via: environment_service.","logger":"botocore.configprovider"}
{"timestamp":"2025-08-18T02:15:09.872321","level":"info","event":"Found credentials in environment variables.","logger":"botocore.credentials"}
{"timestamp":"2025-08-18T02:15:09.958789","level":"info","event":"Found endpoint for s3 via: environment_service.","logger":"botocore.configprovider"}
{"timestamp":"2025-08-18T02:15:11.305518","level":"info","event":"Found credentials in environment variables.","logger":"botocore.credentials"}
{"timestamp":"2025-08-18T02:15:11.466838","level":"info","event":"Found endpoint for s3 via: environment_service.","logger":"botocore.configprovider"}
{"timestamp":"2025-08-18T02:15:11.844462","level":"info","event":"Found credentials in environment variables.","logger":"botocore.credentials"}
{"timestamp":"2025-08-18T02:15:11.935988","level":"info","event":"Found endpoint for s3 via: environment_service.","logger":"botocore.configprovider"}
{"timestamp":"2025-08-18T02:15:12.255481Z","level":"info","event":"No champion model found. Training initial model...","chan":"stdout","logger":"task"}
{"timestamp":"2025-08-18T02:15:12.780307Z","level":"error","event":"2025/08/18 02:15:12 INFO mlflow.system_metrics.system_metrics_monitor: Skip logging GPU metrics. Set logger level to DEBUG for more details.","chan":"stderr","logger":"task"}
{"timestamp":"2025-08-18T02:15:12.783206Z","level":"error","event":"2025/08/18 02:15:12 INFO mlflow.system_metrics.system_metrics_monitor: Started monitoring system metrics.","chan":"stderr","logger":"task"}
{"timestamp":"2025-08-18T02:15:12.855530","level":"warning","event":"/home/airflow/.local/lib/python3.12/site-packages/joblib/parallel.py:1379: UserWarning: Loky-backed parallel loops cannot be called in a multiprocessing, setting n_jobs=1\n  n_jobs = self._backend.configure(\n","logger":"py.warnings"}
{"timestamp":"2025-08-18T02:15:19.374143","level":"warning","event":"/home/airflow/.local/lib/python3.12/site-packages/sklearn/ensemble/_base.py:214: UserWarning: Loky-backed parallel loops cannot be called in a multiprocessing, setting n_jobs=1\n  n_jobs = min(effective_n_jobs(n_jobs), n_estimators)\n","logger":"py.warnings"}
{"timestamp":"2025-08-18T02:15:26.106170","level":"warning","event":"/home/airflow/.local/lib/python3.12/site-packages/sklearn/ensemble/_base.py:214: UserWarning: Loky-backed parallel loops cannot be called in a multiprocessing, setting n_jobs=1\n  n_jobs = min(effective_n_jobs(n_jobs), n_estimators)\n","logger":"py.warnings"}
{"timestamp":"2025-08-18T02:15:42.667759","level":"warning","event":"/home/airflow/.local/lib/python3.12/site-packages/sklearn/ensemble/_base.py:214: UserWarning: Loky-backed parallel loops cannot be called in a multiprocessing, setting n_jobs=1\n  n_jobs = min(effective_n_jobs(n_jobs), n_estimators)\n","logger":"py.warnings"}
{"timestamp":"2025-08-18T02:15:54.975779","level":"warning","event":"/home/airflow/.local/lib/python3.12/site-packages/sklearn/ensemble/_base.py:214: UserWarning: Loky-backed parallel loops cannot be called in a multiprocessing, setting n_jobs=1\n  n_jobs = min(effective_n_jobs(n_jobs), n_estimators)\n","logger":"py.warnings"}
{"timestamp":"2025-08-18T02:16:01.738325","level":"warning","event":"/home/airflow/.local/lib/python3.12/site-packages/sklearn/ensemble/_base.py:214: UserWarning: Loky-backed parallel loops cannot be called in a multiprocessing, setting n_jobs=1\n  n_jobs = min(effective_n_jobs(n_jobs), n_estimators)\n","logger":"py.warnings"}
{"timestamp":"2025-08-18T02:16:04.559761Z","level":"info","event":"🏃 View run RF Trial: 0 at: http://mlflow:5000/#/experiments/1/runs/235032a604c94c56818235c2db8ec2f8","chan":"stdout","logger":"task"}
{"timestamp":"2025-08-18T02:16:04.568331Z","level":"info","event":"🧪 View experiment at: http://mlflow:5000/#/experiments/1","chan":"stdout","logger":"task"}
{"timestamp":"2025-08-18T02:16:04.664149Z","level":"info","event":"Initial trial 0 achieved value: 0.6495084409316512","chan":"stdout","logger":"task"}
{"timestamp":"2025-08-18T02:16:04.810132","level":"warning","event":"/home/airflow/.local/lib/python3.12/site-packages/joblib/parallel.py:1379: UserWarning: Loky-backed parallel loops cannot be called in a multiprocessing, setting n_jobs=1\n  n_jobs = self._backend.configure(\n","logger":"py.warnings"}
{"timestamp":"2025-08-18T02:16:11.622918","level":"warning","event":"/home/airflow/.local/lib/python3.12/site-packages/sklearn/ensemble/_base.py:214: UserWarning: Loky-backed parallel loops cannot be called in a multiprocessing, setting n_jobs=1\n  n_jobs = min(effective_n_jobs(n_jobs), n_estimators)\n","logger":"py.warnings"}
{"timestamp":"2025-08-18T02:16:14.610724","level":"warning","event":"/home/airflow/.local/lib/python3.12/site-packages/sklearn/ensemble/_base.py:214: UserWarning: Loky-backed parallel loops cannot be called in a multiprocessing, setting n_jobs=1\n  n_jobs = min(effective_n_jobs(n_jobs), n_estimators)\n","logger":"py.warnings"}
{"timestamp":"2025-08-18T02:16:18.393646","level":"warning","event":"/home/airflow/.local/lib/python3.12/site-packages/sklearn/ensemble/_base.py:214: UserWarning: Loky-backed parallel loops cannot be called in a multiprocessing, setting n_jobs=1\n  n_jobs = min(effective_n_jobs(n_jobs), n_estimators)\n","logger":"py.warnings"}
{"timestamp":"2025-08-18T02:16:22.451888","level":"warning","event":"/home/airflow/.local/lib/python3.12/site-packages/sklearn/ensemble/_base.py:214: UserWarning: Loky-backed parallel loops cannot be called in a multiprocessing, setting n_jobs=1\n  n_jobs = min(effective_n_jobs(n_jobs), n_estimators)\n","logger":"py.warnings"}
{"timestamp":"2025-08-18T02:16:26.608786","level":"warning","event":"/home/airflow/.local/lib/python3.12/site-packages/sklearn/ensemble/_base.py:214: UserWarning: Loky-backed parallel loops cannot be called in a multiprocessing, setting n_jobs=1\n  n_jobs = min(effective_n_jobs(n_jobs), n_estimators)\n","logger":"py.warnings"}
{"timestamp":"2025-08-18T02:16:27.106913Z","level":"info","event":"🏃 View run RF Trial: 1 at: http://mlflow:5000/#/experiments/1/runs/408bc5a365294a1c90e7a0a5ffbf29bb","chan":"stdout","logger":"task"}
{"timestamp":"2025-08-18T02:16:27.107815Z","level":"info","event":"🧪 View experiment at: http://mlflow:5000/#/experiments/1","chan":"stdout","logger":"task"}
{"timestamp":"2025-08-18T02:16:27.134960Z","level":"info","event":"Trial 1 achieved value: 0.6516890122857382 with  0.3346% improvement","chan":"stdout","logger":"task"}
{"timestamp":"2025-08-18T02:16:27.199513","level":"warning","event":"/home/airflow/.local/lib/python3.12/site-packages/joblib/parallel.py:1379: UserWarning: Loky-backed parallel loops cannot be called in a multiprocessing, setting n_jobs=1\n  n_jobs = self._backend.configure(\n","logger":"py.warnings"}
{"timestamp":"2025-08-18T02:16:33.057628","level":"warning","event":"/home/airflow/.local/lib/python3.12/site-packages/sklearn/ensemble/_base.py:214: UserWarning: Loky-backed parallel loops cannot be called in a multiprocessing, setting n_jobs=1\n  n_jobs = min(effective_n_jobs(n_jobs), n_estimators)\n","logger":"py.warnings"}
{"timestamp":"2025-08-18T02:16:40.072895","level":"warning","event":"/home/airflow/.local/lib/python3.12/site-packages/sklearn/ensemble/_base.py:214: UserWarning: Loky-backed parallel loops cannot be called in a multiprocessing, setting n_jobs=1\n  n_jobs = min(effective_n_jobs(n_jobs), n_estimators)\n","logger":"py.warnings"}
{"timestamp":"2025-08-18T02:16:44.003527","level":"warning","event":"/home/airflow/.local/lib/python3.12/site-packages/sklearn/ensemble/_base.py:214: UserWarning: Loky-backed parallel loops cannot be called in a multiprocessing, setting n_jobs=1\n  n_jobs = min(effective_n_jobs(n_jobs), n_estimators)\n","logger":"py.warnings"}
{"timestamp":"2025-08-18T02:16:48.449556","level":"warning","event":"/home/airflow/.local/lib/python3.12/site-packages/sklearn/ensemble/_base.py:214: UserWarning: Loky-backed parallel loops cannot be called in a multiprocessing, setting n_jobs=1\n  n_jobs = min(effective_n_jobs(n_jobs), n_estimators)\n","logger":"py.warnings"}
{"timestamp":"2025-08-18T02:16:55.756793","level":"warning","event":"/home/airflow/.local/lib/python3.12/site-packages/sklearn/ensemble/_base.py:214: UserWarning: Loky-backed parallel loops cannot be called in a multiprocessing, setting n_jobs=1\n  n_jobs = min(effective_n_jobs(n_jobs), n_estimators)\n","logger":"py.warnings"}
{"timestamp":"2025-08-18T02:16:57.491002Z","level":"info","event":"🏃 View run RF Trial: 2 at: http://mlflow:5000/#/experiments/1/runs/9ef0ea3daff140e88c2cd3b9613ddee7","chan":"stdout","logger":"task"}
{"timestamp":"2025-08-18T02:16:57.502101Z","level":"info","event":"🧪 View experiment at: http://mlflow:5000/#/experiments/1","chan":"stdout","logger":"task"}
{"timestamp":"2025-08-18T02:16:57.763675","level":"warning","event":"/home/airflow/.local/lib/python3.12/site-packages/joblib/parallel.py:1379: UserWarning: Loky-backed parallel loops cannot be called in a multiprocessing, setting n_jobs=1\n  n_jobs = self._backend.configure(\n","logger":"py.warnings"}
{"timestamp":"2025-08-18T02:17:08.256322","level":"warning","event":"/home/airflow/.local/lib/python3.12/site-packages/sklearn/ensemble/_base.py:214: UserWarning: Loky-backed parallel loops cannot be called in a multiprocessing, setting n_jobs=1\n  n_jobs = min(effective_n_jobs(n_jobs), n_estimators)\n","logger":"py.warnings"}
{"timestamp":"2025-08-18T02:17:17.557032","level":"warning","event":"/home/airflow/.local/lib/python3.12/site-packages/sklearn/ensemble/_base.py:214: UserWarning: Loky-backed parallel loops cannot be called in a multiprocessing, setting n_jobs=1\n  n_jobs = min(effective_n_jobs(n_jobs), n_estimators)\n","logger":"py.warnings"}
