{"timestamp":"2025-08-17T22:33:13.990672","level":"info","event":"DAG bundles loaded: dags-folder","logger":"airflow.dag_processing.bundles.manager.DagBundlesManager"}
{"timestamp":"2025-08-17T22:33:13.992198","level":"info","event":"Filling up the DagBag from /opt/airflow/dags/retrain_the_model.py","logger":"airflow.models.dagbag.DagBag"}
{"timestamp":"2025-08-17T22:33:15.424268","level":"info","event":"Found credentials in environment variables.","logger":"botocore.credentials"}
{"timestamp":"2025-08-17T22:33:15.551553","level":"info","event":"Found endpoint for s3 via: environment_service.","logger":"botocore.configprovider"}
{"timestamp":"2025-08-17T22:33:16.612697","level":"info","event":"Found credentials in environment variables.","logger":"botocore.credentials"}
{"timestamp":"2025-08-17T22:33:16.718124","level":"info","event":"Found endpoint for s3 via: environment_service.","logger":"botocore.configprovider"}
{"timestamp":"2025-08-17T22:33:16.868692","level":"info","event":"Found credentials in environment variables.","logger":"botocore.credentials"}
{"timestamp":"2025-08-17T22:33:16.932761","level":"info","event":"Found endpoint for s3 via: environment_service.","logger":"botocore.configprovider"}
{"timestamp":"2025-08-17T22:33:17.203077","level":"info","event":"Found credentials in environment variables.","logger":"botocore.credentials"}
{"timestamp":"2025-08-17T22:33:17.248960","level":"info","event":"Found endpoint for s3 via: environment_service.","logger":"botocore.configprovider"}
{"timestamp":"2025-08-17T22:33:17.636913Z","level":"info","event":"No champion model found. Training initial model...","chan":"stdout","logger":"task"}
{"timestamp":"2025-08-17T22:33:18.731069Z","level":"error","event":"2025/08/17 22:33:18 INFO mlflow.system_metrics.system_metrics_monitor: Skip logging GPU metrics. Set logger level to DEBUG for more details.","chan":"stderr","logger":"task"}
{"timestamp":"2025-08-17T22:33:18.734853Z","level":"error","event":"2025/08/17 22:33:18 INFO mlflow.system_metrics.system_metrics_monitor: Started monitoring system metrics.","chan":"stderr","logger":"task"}
{"timestamp":"2025-08-17T22:33:19.156642","level":"warning","event":"/home/airflow/.local/lib/python3.12/site-packages/joblib/parallel.py:1379: UserWarning: Loky-backed parallel loops cannot be called in a multiprocessing, setting n_jobs=1\n  n_jobs = self._backend.configure(\n","logger":"py.warnings"}
{"timestamp":"2025-08-17T22:33:22.396982","level":"warning","event":"/home/airflow/.local/lib/python3.12/site-packages/sklearn/ensemble/_base.py:214: UserWarning: Loky-backed parallel loops cannot be called in a multiprocessing, setting n_jobs=1\n  n_jobs = min(effective_n_jobs(n_jobs), n_estimators)\n","logger":"py.warnings"}
{"timestamp":"2025-08-17T22:33:24.791452","level":"warning","event":"/home/airflow/.local/lib/python3.12/site-packages/sklearn/ensemble/_base.py:214: UserWarning: Loky-backed parallel loops cannot be called in a multiprocessing, setting n_jobs=1\n  n_jobs = min(effective_n_jobs(n_jobs), n_estimators)\n","logger":"py.warnings"}
{"timestamp":"2025-08-17T22:33:28.042131","level":"warning","event":"/home/airflow/.local/lib/python3.12/site-packages/sklearn/ensemble/_base.py:214: UserWarning: Loky-backed parallel loops cannot be called in a multiprocessing, setting n_jobs=1\n  n_jobs = min(effective_n_jobs(n_jobs), n_estimators)\n","logger":"py.warnings"}
{"timestamp":"2025-08-17T22:33:30.445216","level":"warning","event":"/home/airflow/.local/lib/python3.12/site-packages/sklearn/ensemble/_base.py:214: UserWarning: Loky-backed parallel loops cannot be called in a multiprocessing, setting n_jobs=1\n  n_jobs = min(effective_n_jobs(n_jobs), n_estimators)\n","logger":"py.warnings"}
{"timestamp":"2025-08-17T22:33:33.458228","level":"warning","event":"/home/airflow/.local/lib/python3.12/site-packages/sklearn/ensemble/_base.py:214: UserWarning: Loky-backed parallel loops cannot be called in a multiprocessing, setting n_jobs=1\n  n_jobs = min(effective_n_jobs(n_jobs), n_estimators)\n","logger":"py.warnings"}
{"timestamp":"2025-08-17T22:33:34.054121Z","level":"info","event":"🏃 View run RF Trial: 0 at: http://mlflow:5000/#/experiments/1/runs/974df1de7a1744a88bc2926f545ceaed","chan":"stdout","logger":"task"}
{"timestamp":"2025-08-17T22:33:34.054554Z","level":"info","event":"🧪 View experiment at: http://mlflow:5000/#/experiments/1","chan":"stdout","logger":"task"}
{"timestamp":"2025-08-17T22:33:34.091624Z","level":"info","event":"Initial trial 0 achieved value: 0.7660154233006256","chan":"stdout","logger":"task"}
{"timestamp":"2025-08-17T22:33:34.115619","level":"warning","event":"/home/airflow/.local/lib/python3.12/site-packages/joblib/parallel.py:1379: UserWarning: Loky-backed parallel loops cannot be called in a multiprocessing, setting n_jobs=1\n  n_jobs = self._backend.configure(\n","logger":"py.warnings"}
{"timestamp":"2025-08-17T22:33:37.219978","level":"warning","event":"/home/airflow/.local/lib/python3.12/site-packages/sklearn/ensemble/_base.py:214: UserWarning: Loky-backed parallel loops cannot be called in a multiprocessing, setting n_jobs=1\n  n_jobs = min(effective_n_jobs(n_jobs), n_estimators)\n","logger":"py.warnings"}
{"timestamp":"2025-08-17T22:33:40.008482","level":"warning","event":"/home/airflow/.local/lib/python3.12/site-packages/sklearn/ensemble/_base.py:214: UserWarning: Loky-backed parallel loops cannot be called in a multiprocessing, setting n_jobs=1\n  n_jobs = min(effective_n_jobs(n_jobs), n_estimators)\n","logger":"py.warnings"}
{"timestamp":"2025-08-17T22:33:43.296648","level":"warning","event":"/home/airflow/.local/lib/python3.12/site-packages/sklearn/ensemble/_base.py:214: UserWarning: Loky-backed parallel loops cannot be called in a multiprocessing, setting n_jobs=1\n  n_jobs = min(effective_n_jobs(n_jobs), n_estimators)\n","logger":"py.warnings"}
{"timestamp":"2025-08-17T22:33:45.657475","level":"warning","event":"/home/airflow/.local/lib/python3.12/site-packages/sklearn/ensemble/_base.py:214: UserWarning: Loky-backed parallel loops cannot be called in a multiprocessing, setting n_jobs=1\n  n_jobs = min(effective_n_jobs(n_jobs), n_estimators)\n","logger":"py.warnings"}
{"timestamp":"2025-08-17T22:33:49.188610","level":"warning","event":"/home/airflow/.local/lib/python3.12/site-packages/sklearn/ensemble/_base.py:214: UserWarning: Loky-backed parallel loops cannot be called in a multiprocessing, setting n_jobs=1\n  n_jobs = min(effective_n_jobs(n_jobs), n_estimators)\n","logger":"py.warnings"}
{"timestamp":"2025-08-17T22:33:49.796636Z","level":"info","event":"🏃 View run RF Trial: 1 at: http://mlflow:5000/#/experiments/1/runs/eac42f1946df44b0b8b3de4d4dc595c2","chan":"stdout","logger":"task"}
{"timestamp":"2025-08-17T22:33:49.797851Z","level":"info","event":"🧪 View experiment at: http://mlflow:5000/#/experiments/1","chan":"stdout","logger":"task"}
{"timestamp":"2025-08-17T22:33:49.809881Z","level":"info","event":"Trial 1 achieved value: 0.7718774156648258 with  0.7594% improvement","chan":"stdout","logger":"task"}
{"timestamp":"2025-08-17T22:33:49.838079","level":"warning","event":"/home/airflow/.local/lib/python3.12/site-packages/joblib/parallel.py:1379: UserWarning: Loky-backed parallel loops cannot be called in a multiprocessing, setting n_jobs=1\n  n_jobs = self._backend.configure(\n","logger":"py.warnings"}
{"timestamp":"2025-08-17T22:33:52.272783","level":"warning","event":"/home/airflow/.local/lib/python3.12/site-packages/sklearn/ensemble/_base.py:214: UserWarning: Loky-backed parallel loops cannot be called in a multiprocessing, setting n_jobs=1\n  n_jobs = min(effective_n_jobs(n_jobs), n_estimators)\n","logger":"py.warnings"}
{"timestamp":"2025-08-17T22:33:55.838685","level":"warning","event":"/home/airflow/.local/lib/python3.12/site-packages/sklearn/ensemble/_base.py:214: UserWarning: Loky-backed parallel loops cannot be called in a multiprocessing, setting n_jobs=1\n  n_jobs = min(effective_n_jobs(n_jobs), n_estimators)\n","logger":"py.warnings"}
{"timestamp":"2025-08-17T22:33:58.516849","level":"warning","event":"/home/airflow/.local/lib/python3.12/site-packages/sklearn/ensemble/_base.py:214: UserWarning: Loky-backed parallel loops cannot be called in a multiprocessing, setting n_jobs=1\n  n_jobs = min(effective_n_jobs(n_jobs), n_estimators)\n","logger":"py.warnings"}
{"timestamp":"2025-08-17T22:34:01.887787","level":"warning","event":"/home/airflow/.local/lib/python3.12/site-packages/sklearn/ensemble/_base.py:214: UserWarning: Loky-backed parallel loops cannot be called in a multiprocessing, setting n_jobs=1\n  n_jobs = min(effective_n_jobs(n_jobs), n_estimators)\n","logger":"py.warnings"}
{"timestamp":"2025-08-17T22:34:04.101385","level":"warning","event":"/home/airflow/.local/lib/python3.12/site-packages/sklearn/ensemble/_base.py:214: UserWarning: Loky-backed parallel loops cannot be called in a multiprocessing, setting n_jobs=1\n  n_jobs = min(effective_n_jobs(n_jobs), n_estimators)\n","logger":"py.warnings"}
{"timestamp":"2025-08-17T22:34:04.474751Z","level":"info","event":"🏃 View run RF Trial: 2 at: http://mlflow:5000/#/experiments/1/runs/3b88c757a7c54c4483e6b0bb83222136","chan":"stdout","logger":"task"}
{"timestamp":"2025-08-17T22:34:04.475103Z","level":"info","event":"🧪 View experiment at: http://mlflow:5000/#/experiments/1","chan":"stdout","logger":"task"}
{"timestamp":"2025-08-17T22:34:04.518529","level":"warning","event":"/home/airflow/.local/lib/python3.12/site-packages/joblib/parallel.py:1379: UserWarning: Loky-backed parallel loops cannot be called in a multiprocessing, setting n_jobs=1\n  n_jobs = self._backend.configure(\n","logger":"py.warnings"}
{"timestamp":"2025-08-17T22:34:07.239356","level":"warning","event":"/home/airflow/.local/lib/python3.12/site-packages/sklearn/ensemble/_base.py:214: UserWarning: Loky-backed parallel loops cannot be called in a multiprocessing, setting n_jobs=1\n  n_jobs = min(effective_n_jobs(n_jobs), n_estimators)\n","logger":"py.warnings"}
{"timestamp":"2025-08-17T22:34:10.539895","level":"warning","event":"/home/airflow/.local/lib/python3.12/site-packages/sklearn/ensemble/_base.py:214: UserWarning: Loky-backed parallel loops cannot be called in a multiprocessing, setting n_jobs=1\n  n_jobs = min(effective_n_jobs(n_jobs), n_estimators)\n","logger":"py.warnings"}
{"timestamp":"2025-08-17T22:34:12.705085","level":"warning","event":"/home/airflow/.local/lib/python3.12/site-packages/sklearn/ensemble/_base.py:214: UserWarning: Loky-backed parallel loops cannot be called in a multiprocessing, setting n_jobs=1\n  n_jobs = min(effective_n_jobs(n_jobs), n_estimators)\n","logger":"py.warnings"}
{"timestamp":"2025-08-17T22:34:14.815766","level":"warning","event":"/home/airflow/.local/lib/python3.12/site-packages/sklearn/ensemble/_base.py:214: UserWarning: Loky-backed parallel loops cannot be called in a multiprocessing, setting n_jobs=1\n  n_jobs = min(effective_n_jobs(n_jobs), n_estimators)\n","logger":"py.warnings"}
{"timestamp":"2025-08-17T22:34:17.328149","level":"warning","event":"/home/airflow/.local/lib/python3.12/site-packages/sklearn/ensemble/_base.py:214: UserWarning: Loky-backed parallel loops cannot be called in a multiprocessing, setting n_jobs=1\n  n_jobs = min(effective_n_jobs(n_jobs), n_estimators)\n","logger":"py.warnings"}
{"timestamp":"2025-08-17T22:34:17.862575Z","level":"info","event":"🏃 View run RF Trial: 3 at: http://mlflow:5000/#/experiments/1/runs/1f4f713de74b4d17ae0405243e2be17c","chan":"stdout","logger":"task"}
{"timestamp":"2025-08-17T22:34:17.863321Z","level":"info","event":"🧪 View experiment at: http://mlflow:5000/#/experiments/1","chan":"stdout","logger":"task"}
{"timestamp":"2025-08-17T22:34:17.975820","level":"warning","event":"/home/airflow/.local/lib/python3.12/site-packages/joblib/parallel.py:1379: UserWarning: Loky-backed parallel loops cannot be called in a multiprocessing, setting n_jobs=1\n  n_jobs = self._backend.configure(\n","logger":"py.warnings"}
{"timestamp":"2025-08-17T22:34:22.731893","level":"warning","event":"/home/airflow/.local/lib/python3.12/site-packages/sklearn/ensemble/_base.py:214: UserWarning: Loky-backed parallel loops cannot be called in a multiprocessing, setting n_jobs=1\n  n_jobs = min(effective_n_jobs(n_jobs), n_estimators)\n","logger":"py.warnings"}
{"timestamp":"2025-08-17T22:34:27.179159","level":"warning","event":"/home/airflow/.local/lib/python3.12/site-packages/sklearn/ensemble/_base.py:214: UserWarning: Loky-backed parallel loops cannot be called in a multiprocessing, setting n_jobs=1\n  n_jobs = min(effective_n_jobs(n_jobs), n_estimators)\n","logger":"py.warnings"}
{"timestamp":"2025-08-17T22:34:29.581578","level":"warning","event":"/home/airflow/.local/lib/python3.12/site-packages/sklearn/ensemble/_base.py:214: UserWarning: Loky-backed parallel loops cannot be called in a multiprocessing, setting n_jobs=1\n  n_jobs = min(effective_n_jobs(n_jobs), n_estimators)\n","logger":"py.warnings"}
{"timestamp":"2025-08-17T22:34:33.633583","level":"warning","event":"/home/airflow/.local/lib/python3.12/site-packages/sklearn/ensemble/_base.py:214: UserWarning: Loky-backed parallel loops cannot be called in a multiprocessing, setting n_jobs=1\n  n_jobs = min(effective_n_jobs(n_jobs), n_estimators)\n","logger":"py.warnings"}
{"timestamp":"2025-08-17T22:34:36.033571","level":"warning","event":"/home/airflow/.local/lib/python3.12/site-packages/sklearn/ensemble/_base.py:214: UserWarning: Loky-backed parallel loops cannot be called in a multiprocessing, setting n_jobs=1\n  n_jobs = min(effective_n_jobs(n_jobs), n_estimators)\n","logger":"py.warnings"}
{"timestamp":"2025-08-17T22:34:36.374944Z","level":"info","event":"🏃 View run RF Trial: 4 at: http://mlflow:5000/#/experiments/1/runs/889269c00f774cea84a1c863cbef8f00","chan":"stdout","logger":"task"}
{"timestamp":"2025-08-17T22:34:36.375284Z","level":"info","event":"🧪 View experiment at: http://mlflow:5000/#/experiments/1","chan":"stdout","logger":"task"}
{"timestamp":"2025-08-17T22:34:36.441843","level":"warning","event":"/home/airflow/.local/lib/python3.12/site-packages/joblib/parallel.py:1379: UserWarning: Loky-backed parallel loops cannot be called in a multiprocessing, setting n_jobs=1\n  n_jobs = self._backend.configure(\n","logger":"py.warnings"}
{"timestamp":"2025-08-17T22:34:39.132724","level":"warning","event":"/home/airflow/.local/lib/python3.12/site-packages/sklearn/ensemble/_base.py:214: UserWarning: Loky-backed parallel loops cannot be called in a multiprocessing, setting n_jobs=1\n  n_jobs = min(effective_n_jobs(n_jobs), n_estimators)\n","logger":"py.warnings"}
{"timestamp":"2025-08-17T22:34:41.841036","level":"warning","event":"/home/airflow/.local/lib/python3.12/site-packages/sklearn/ensemble/_base.py:214: UserWarning: Loky-backed parallel loops cannot be called in a multiprocessing, setting n_jobs=1\n  n_jobs = min(effective_n_jobs(n_jobs), n_estimators)\n","logger":"py.warnings"}
{"timestamp":"2025-08-17T22:34:43.656893","level":"warning","event":"/home/airflow/.local/lib/python3.12/site-packages/sklearn/ensemble/_base.py:214: UserWarning: Loky-backed parallel loops cannot be called in a multiprocessing, setting n_jobs=1\n  n_jobs = min(effective_n_jobs(n_jobs), n_estimators)\n","logger":"py.warnings"}
{"timestamp":"2025-08-17T22:34:45.228533","level":"warning","event":"/home/airflow/.local/lib/python3.12/site-packages/sklearn/ensemble/_base.py:214: UserWarning: Loky-backed parallel loops cannot be called in a multiprocessing, setting n_jobs=1\n  n_jobs = min(effective_n_jobs(n_jobs), n_estimators)\n","logger":"py.warnings"}
{"timestamp":"2025-08-17T22:34:46.962310","level":"warning","event":"/home/airflow/.local/lib/python3.12/site-packages/sklearn/ensemble/_base.py:214: UserWarning: Loky-backed parallel loops cannot be called in a multiprocessing, setting n_jobs=1\n  n_jobs = min(effective_n_jobs(n_jobs), n_estimators)\n","logger":"py.warnings"}
{"timestamp":"2025-08-17T22:34:47.259231Z","level":"info","event":"🏃 View run RF Trial: 5 at: http://mlflow:5000/#/experiments/1/runs/b1f82f00b1fc4bd9993b795da568a88d","chan":"stdout","logger":"task"}
{"timestamp":"2025-08-17T22:34:47.259811Z","level":"info","event":"🧪 View experiment at: http://mlflow:5000/#/experiments/1","chan":"stdout","logger":"task"}
{"timestamp":"2025-08-17T22:34:47.297594","level":"warning","event":"/home/airflow/.local/lib/python3.12/site-packages/joblib/parallel.py:1379: UserWarning: Loky-backed parallel loops cannot be called in a multiprocessing, setting n_jobs=1\n  n_jobs = self._backend.configure(\n","logger":"py.warnings"}
{"timestamp":"2025-08-17T22:34:47.881410","level":"warning","event":"/home/airflow/.local/lib/python3.12/site-packages/sklearn/ensemble/_base.py:214: UserWarning: Loky-backed parallel loops cannot be called in a multiprocessing, setting n_jobs=1\n  n_jobs = min(effective_n_jobs(n_jobs), n_estimators)\n","logger":"py.warnings"}
{"timestamp":"2025-08-17T22:34:48.576135","level":"warning","event":"/home/airflow/.local/lib/python3.12/site-packages/sklearn/ensemble/_base.py:214: UserWarning: Loky-backed parallel loops cannot be called in a multiprocessing, setting n_jobs=1\n  n_jobs = min(effective_n_jobs(n_jobs), n_estimators)\n","logger":"py.warnings"}
{"timestamp":"2025-08-17T22:34:49.835298","level":"warning","event":"/home/airflow/.local/lib/python3.12/site-packages/sklearn/ensemble/_base.py:214: UserWarning: Loky-backed parallel loops cannot be called in a multiprocessing, setting n_jobs=1\n  n_jobs = min(effective_n_jobs(n_jobs), n_estimators)\n","logger":"py.warnings"}
{"timestamp":"2025-08-17T22:34:50.605525","level":"warning","event":"/home/airflow/.local/lib/python3.12/site-packages/sklearn/ensemble/_base.py:214: UserWarning: Loky-backed parallel loops cannot be called in a multiprocessing, setting n_jobs=1\n  n_jobs = min(effective_n_jobs(n_jobs), n_estimators)\n","logger":"py.warnings"}
{"timestamp":"2025-08-17T22:34:51.157950","level":"warning","event":"/home/airflow/.local/lib/python3.12/site-packages/sklearn/ensemble/_base.py:214: UserWarning: Loky-backed parallel loops cannot be called in a multiprocessing, setting n_jobs=1\n  n_jobs = min(effective_n_jobs(n_jobs), n_estimators)\n","logger":"py.warnings"}
{"timestamp":"2025-08-17T22:34:51.401263Z","level":"info","event":"🏃 View run RF Trial: 6 at: http://mlflow:5000/#/experiments/1/runs/34f054fe98e3448ba1f9bbc21962ca35","chan":"stdout","logger":"task"}
{"timestamp":"2025-08-17T22:34:51.401520Z","level":"info","event":"🧪 View experiment at: http://mlflow:5000/#/experiments/1","chan":"stdout","logger":"task"}
{"timestamp":"2025-08-17T22:34:51.464025","level":"warning","event":"/home/airflow/.local/lib/python3.12/site-packages/joblib/parallel.py:1379: UserWarning: Loky-backed parallel loops cannot be called in a multiprocessing, setting n_jobs=1\n  n_jobs = self._backend.configure(\n","logger":"py.warnings"}
{"timestamp":"2025-08-17T22:34:53.433211","level":"warning","event":"/home/airflow/.local/lib/python3.12/site-packages/sklearn/ensemble/_base.py:214: UserWarning: Loky-backed parallel loops cannot be called in a multiprocessing, setting n_jobs=1\n  n_jobs = min(effective_n_jobs(n_jobs), n_estimators)\n","logger":"py.warnings"}
{"timestamp":"2025-08-17T22:34:54.868309","level":"warning","event":"/home/airflow/.local/lib/python3.12/site-packages/sklearn/ensemble/_base.py:214: UserWarning: Loky-backed parallel loops cannot be called in a multiprocessing, setting n_jobs=1\n  n_jobs = min(effective_n_jobs(n_jobs), n_estimators)\n","logger":"py.warnings"}
{"timestamp":"2025-08-17T22:34:57.335024","level":"warning","event":"/home/airflow/.local/lib/python3.12/site-packages/sklearn/ensemble/_base.py:214: UserWarning: Loky-backed parallel loops cannot be called in a multiprocessing, setting n_jobs=1\n  n_jobs = min(effective_n_jobs(n_jobs), n_estimators)\n","logger":"py.warnings"}
{"timestamp":"2025-08-17T22:34:58.920527","level":"warning","event":"/home/airflow/.local/lib/python3.12/site-packages/sklearn/ensemble/_base.py:214: UserWarning: Loky-backed parallel loops cannot be called in a multiprocessing, setting n_jobs=1\n  n_jobs = min(effective_n_jobs(n_jobs), n_estimators)\n","logger":"py.warnings"}
{"timestamp":"2025-08-17T22:35:01.000114","level":"warning","event":"/home/airflow/.local/lib/python3.12/site-packages/sklearn/ensemble/_base.py:214: UserWarning: Loky-backed parallel loops cannot be called in a multiprocessing, setting n_jobs=1\n  n_jobs = min(effective_n_jobs(n_jobs), n_estimators)\n","logger":"py.warnings"}
{"timestamp":"2025-08-17T22:35:01.771748Z","level":"info","event":"🏃 View run RF Trial: 7 at: http://mlflow:5000/#/experiments/1/runs/9ba769cbd5b14845a4bccbfd38441ccf","chan":"stdout","logger":"task"}
{"timestamp":"2025-08-17T22:35:01.772234Z","level":"info","event":"🧪 View experiment at: http://mlflow:5000/#/experiments/1","chan":"stdout","logger":"task"}
{"timestamp":"2025-08-17T22:35:01.846124","level":"warning","event":"/home/airflow/.local/lib/python3.12/site-packages/joblib/parallel.py:1379: UserWarning: Loky-backed parallel loops cannot be called in a multiprocessing, setting n_jobs=1\n  n_jobs = self._backend.configure(\n","logger":"py.warnings"}
{"timestamp":"2025-08-17T22:35:03.387976","level":"warning","event":"/home/airflow/.local/lib/python3.12/site-packages/sklearn/ensemble/_base.py:214: UserWarning: Loky-backed parallel loops cannot be called in a multiprocessing, setting n_jobs=1\n  n_jobs = min(effective_n_jobs(n_jobs), n_estimators)\n","logger":"py.warnings"}
{"timestamp":"2025-08-17T22:35:04.694121","level":"warning","event":"/home/airflow/.local/lib/python3.12/site-packages/sklearn/ensemble/_base.py:214: UserWarning: Loky-backed parallel loops cannot be called in a multiprocessing, setting n_jobs=1\n  n_jobs = min(effective_n_jobs(n_jobs), n_estimators)\n","logger":"py.warnings"}
{"timestamp":"2025-08-17T22:35:05.970341","level":"warning","event":"/home/airflow/.local/lib/python3.12/site-packages/sklearn/ensemble/_base.py:214: UserWarning: Loky-backed parallel loops cannot be called in a multiprocessing, setting n_jobs=1\n  n_jobs = min(effective_n_jobs(n_jobs), n_estimators)\n","logger":"py.warnings"}
{"timestamp":"2025-08-17T22:35:07.392777","level":"warning","event":"/home/airflow/.local/lib/python3.12/site-packages/sklearn/ensemble/_base.py:214: UserWarning: Loky-backed parallel loops cannot be called in a multiprocessing, setting n_jobs=1\n  n_jobs = min(effective_n_jobs(n_jobs), n_estimators)\n","logger":"py.warnings"}
{"timestamp":"2025-08-17T22:35:08.878304","level":"warning","event":"/home/airflow/.local/lib/python3.12/site-packages/sklearn/ensemble/_base.py:214: UserWarning: Loky-backed parallel loops cannot be called in a multiprocessing, setting n_jobs=1\n  n_jobs = min(effective_n_jobs(n_jobs), n_estimators)\n","logger":"py.warnings"}
{"timestamp":"2025-08-17T22:35:09.297103Z","level":"info","event":"🏃 View run RF Trial: 8 at: http://mlflow:5000/#/experiments/1/runs/84d200c734cc4ef9ae1abfccdd87fc53","chan":"stdout","logger":"task"}
{"timestamp":"2025-08-17T22:35:09.297514Z","level":"info","event":"🧪 View experiment at: http://mlflow:5000/#/experiments/1","chan":"stdout","logger":"task"}
{"timestamp":"2025-08-17T22:35:09.307903Z","level":"info","event":"Trial 8 achieved value: 0.8166347313641585 with  5.4807% improvement","chan":"stdout","logger":"task"}
{"timestamp":"2025-08-17T22:35:09.341018","level":"warning","event":"/home/airflow/.local/lib/python3.12/site-packages/joblib/parallel.py:1379: UserWarning: Loky-backed parallel loops cannot be called in a multiprocessing, setting n_jobs=1\n  n_jobs = self._backend.configure(\n","logger":"py.warnings"}
{"timestamp":"2025-08-17T22:35:11.050261","level":"warning","event":"/home/airflow/.local/lib/python3.12/site-packages/sklearn/ensemble/_base.py:214: UserWarning: Loky-backed parallel loops cannot be called in a multiprocessing, setting n_jobs=1\n  n_jobs = min(effective_n_jobs(n_jobs), n_estimators)\n","logger":"py.warnings"}
{"timestamp":"2025-08-17T22:35:12.837800","level":"warning","event":"/home/airflow/.local/lib/python3.12/site-packages/sklearn/ensemble/_base.py:214: UserWarning: Loky-backed parallel loops cannot be called in a multiprocessing, setting n_jobs=1\n  n_jobs = min(effective_n_jobs(n_jobs), n_estimators)\n","logger":"py.warnings"}
{"timestamp":"2025-08-17T22:35:14.497087","level":"warning","event":"/home/airflow/.local/lib/python3.12/site-packages/sklearn/ensemble/_base.py:214: UserWarning: Loky-backed parallel loops cannot be called in a multiprocessing, setting n_jobs=1\n  n_jobs = min(effective_n_jobs(n_jobs), n_estimators)\n","logger":"py.warnings"}
{"timestamp":"2025-08-17T22:35:16.135406","level":"warning","event":"/home/airflow/.local/lib/python3.12/site-packages/sklearn/ensemble/_base.py:214: UserWarning: Loky-backed parallel loops cannot be called in a multiprocessing, setting n_jobs=1\n  n_jobs = min(effective_n_jobs(n_jobs), n_estimators)\n","logger":"py.warnings"}
{"timestamp":"2025-08-17T22:35:17.975776","level":"warning","event":"/home/airflow/.local/lib/python3.12/site-packages/sklearn/ensemble/_base.py:214: UserWarning: Loky-backed parallel loops cannot be called in a multiprocessing, setting n_jobs=1\n  n_jobs = min(effective_n_jobs(n_jobs), n_estimators)\n","logger":"py.warnings"}
{"timestamp":"2025-08-17T22:35:18.328447Z","level":"info","event":"🏃 View run RF Trial: 9 at: http://mlflow:5000/#/experiments/1/runs/d74cf89517f44965b5b0de36bbb9c99d","chan":"stdout","logger":"task"}
{"timestamp":"2025-08-17T22:35:18.328847Z","level":"info","event":"🧪 View experiment at: http://mlflow:5000/#/experiments/1","chan":"stdout","logger":"task"}
{"timestamp":"2025-08-17T22:35:19.917781","level":"warning","event":"/home/airflow/.local/lib/python3.12/site-packages/sklearn/ensemble/_base.py:214: UserWarning: Loky-backed parallel loops cannot be called in a multiprocessing, setting n_jobs=1\n  n_jobs = min(effective_n_jobs(n_jobs), n_estimators)\n","logger":"py.warnings"}
{"timestamp":"2025-08-17T22:35:21.059529","level":"warning","event":"/home/airflow/.local/lib/python3.12/site-packages/sklearn/ensemble/_base.py:214: UserWarning: Loky-backed parallel loops cannot be called in a multiprocessing, setting n_jobs=1\n  n_jobs = min(effective_n_jobs(n_jobs), n_estimators)\n","logger":"py.warnings"}
{"timestamp":"2025-08-17T22:35:22.733809","level":"info","event":"Found credentials in environment variables.","logger":"botocore.credentials"}
{"timestamp":"2025-08-17T22:35:24.868628","level":"error","event":"Task failed with exception","logger":"task","error_detail":[{"exc_type":"TypeError","exc_value":"plot_calibration_curve() takes 2 positional arguments but 3 positional arguments (and 1 keyword-only argument) were given","exc_notes":[],"syntax_error":null,"is_cause":false,"frames":[{"filename":"/home/airflow/.local/lib/python3.12/site-packages/airflow/sdk/execution_time/task_runner.py","lineno":867,"name":"run"},{"filename":"/home/airflow/.local/lib/python3.12/site-packages/airflow/sdk/execution_time/task_runner.py","lineno":1159,"name":"_execute_task"},{"filename":"/home/airflow/.local/lib/python3.12/site-packages/airflow/sdk/bases/operator.py","lineno":397,"name":"wrapper"},{"filename":"/home/airflow/.local/lib/python3.12/site-packages/airflow/sdk/bases/decorator.py","lineno":251,"name":"execute"},{"filename":"/home/airflow/.local/lib/python3.12/site-packages/airflow/sdk/bases/operator.py","lineno":397,"name":"wrapper"},{"filename":"/home/airflow/.local/lib/python3.12/site-packages/airflow/providers/standard/operators/python.py","lineno":216,"name":"execute"},{"filename":"/home/airflow/.local/lib/python3.12/site-packages/airflow/providers/standard/operators/python.py","lineno":239,"name":"execute_callable"},{"filename":"/home/airflow/.local/lib/python3.12/site-packages/airflow/sdk/execution_time/callback_runner.py","lineno":81,"name":"run"},{"filename":"/opt/airflow/dags/retrain_the_model.py","lineno":259,"name":"train_or_init_model"},{"filename":"/opt/airflow/dags/retrain_the_model.py","lineno":207,"name":"create_initial_model"},{"filename":"/opt/airflow/dags/retrain_the_model.py","lineno":133,"name":"load_mlflow"}],"is_group":false,"exceptions":[]}]}
{"timestamp":"2025-08-17T22:35:25.319553Z","level":"info","event":"🏃 View run best_hyperparam_2025/08/17-22:33:17 at: http://mlflow:5000/#/experiments/1/runs/2608a0d59cab4f0d9e15cedd183d125d","chan":"stdout","logger":"task"}
{"timestamp":"2025-08-17T22:35:25.320153Z","level":"info","event":"🧪 View experiment at: http://mlflow:5000/#/experiments/1","chan":"stdout","logger":"task"}
{"timestamp":"2025-08-17T22:35:25.320532Z","level":"error","event":"2025/08/17 22:35:25 INFO mlflow.system_metrics.system_metrics_monitor: Stopping system metrics monitoring...","chan":"stderr","logger":"task"}
{"timestamp":"2025-08-17T22:35:25.320943Z","level":"error","event":"2025/08/17 22:35:25 INFO mlflow.system_metrics.system_metrics_monitor: Successfully terminated system metrics monitoring!","chan":"stderr","logger":"task"}
