{"timestamp":"2025-08-02T22:13:32.419655","level":"info","event":"DAG bundles loaded: dags-folder","logger":"airflow.dag_processing.bundles.manager.DagBundlesManager"}
{"timestamp":"2025-08-02T22:13:32.420767","level":"info","event":"Filling up the DagBag from /opt/airflow/dags/etl_process.py","logger":"airflow.models.dagbag.DagBag"}
{"timestamp":"2025-08-02T22:13:33.762458","level":"info","event":"Found credentials in environment variables.","logger":"botocore.credentials"}
{"timestamp":"2025-08-02T22:13:33.812604","level":"info","event":"Found endpoint for s3 via: environment_service.","logger":"botocore.configprovider"}
{"timestamp":"2025-08-02T22:13:35.975914Z","level":"info","event":"Las columnas de tipo categóricas son:  ['listing_url', 'last_scraped', 'source', 'name', 'description', 'neighborhood_overview', 'picture_url', 'host_url', 'host_name', 'host_since', 'host_location', 'host_about', 'host_response_time', 'host_is_superhost', 'host_thumbnail_url', 'host_picture_url', 'host_neighbourhood', 'host_verifications', 'host_has_profile_pic', 'host_identity_verified', 'neighbourhood', 'neighbourhood_cleansed', 'property_type', 'room_type', 'bathrooms_text', 'amenities', 'has_availability', 'calendar_last_scraped', 'first_review', 'last_review', 'license', 'instant_bookable', 'city']","chan":"stdout","logger":"task"}
{"timestamp":"2025-08-02T22:13:35.978362Z","level":"info","event":"","chan":"stdout","logger":"task"}
{"timestamp":"2025-08-02T22:13:35.984117Z","level":"info","event":"Las columnas de tipo numéricas son:  ['id', 'scrape_id', 'host_id', 'host_response_rate', 'host_acceptance_rate', 'host_listings_count', 'host_total_listings_count', 'neighbourhood_group_cleansed', 'latitude', 'longitude', 'accommodates', 'bathrooms', 'bedrooms', 'beds', 'price', 'minimum_nights', 'maximum_nights', 'minimum_minimum_nights', 'maximum_minimum_nights', 'minimum_maximum_nights', 'maximum_maximum_nights', 'minimum_nights_avg_ntm', 'maximum_nights_avg_ntm', 'calendar_updated', 'availability_30', 'availability_60', 'availability_90', 'availability_365', 'number_of_reviews', 'number_of_reviews_ltm', 'number_of_reviews_l30d', 'availability_eoy', 'number_of_reviews_ly', 'estimated_occupancy_l365d', 'estimated_revenue_l365d', 'review_scores_rating', 'review_scores_accuracy', 'review_scores_cleanliness', 'review_scores_checkin', 'review_scores_communication', 'review_scores_location', 'review_scores_value', 'calculated_host_listings_count', 'calculated_host_listings_count_entire_homes', 'calculated_host_listings_count_private_rooms', 'calculated_host_listings_count_shared_rooms', 'reviews_per_month']","chan":"stdout","logger":"task"}
{"timestamp":"2025-08-02T22:13:36.296650Z","level":"info","event":"Columnas eliminadas (3): ['neighbourhood_group_cleansed', 'calendar_updated', 'license']","chan":"stdout","logger":"task"}
{"timestamp":"2025-08-02T22:13:37.094933Z","level":"info","event":"Filas eliminadas: 3581","chan":"stdout","logger":"task"}
{"timestamp":"2025-08-02T22:13:42.153849","level":"info","event":"Found credentials in environment variables.","logger":"botocore.credentials"}
{"timestamp":"2025-08-02T22:13:42.242653","level":"info","event":"Found endpoint for s3 via: environment_service.","logger":"botocore.configprovider"}
{"timestamp":"2025-08-02T22:13:43.914253","level":"info","event":"Found credentials in environment variables.","logger":"botocore.credentials"}
{"timestamp":"2025-08-02T22:13:43.991888","level":"info","event":"Found endpoint for s3 via: environment_service.","logger":"botocore.configprovider"}
{"timestamp":"2025-08-02T22:13:44.338867","level":"warning","event":"/home/airflow/.local/lib/python3.12/site-packages/airflow/models/variable.py:147: DeprecationWarning: Using Variable.get from `airflow.models` is deprecated.Please use `from airflow.sdk import Variable` instead\n  warnings.warn(\n","logger":"py.warnings"}
{"timestamp":"2025-08-02T22:13:45.437797Z","level":"error","event":"2025/08/02 22:13:45 INFO mlflow.system_metrics.system_metrics_monitor: Skip logging GPU metrics. Set logger level to DEBUG for more details.","chan":"stderr","logger":"task"}
{"timestamp":"2025-08-02T22:13:45.439754Z","level":"error","event":"2025/08/02 22:13:45 INFO mlflow.system_metrics.system_metrics_monitor: Started monitoring system metrics.","chan":"stderr","logger":"task"}
{"timestamp":"2025-08-02T22:13:45.441982","level":"warning","event":"/home/airflow/.local/lib/python3.12/site-packages/mlflow/data/dataset_source_registry.py:149: UserWarning: Failed to determine whether UCVolumeDatasetSource can resolve source information for 'https://data.insideairbnb.com/argentina/ciudad-aut%C3%B3noma-de-buenos-aires/buenos-aires/2025-01-29/data/listings.csv.gz'. Exception: \n  return _dataset_source_registry.resolve(\n","logger":"py.warnings"}
{"timestamp":"2025-08-02T22:13:45.845423","level":"warning","event":"/home/airflow/.local/lib/python3.12/site-packages/mlflow/data/dataset_source_registry.py:149: UserWarning: Failed to determine whether UCVolumeDatasetSource can resolve source information for 'https://data.insideairbnb.com/argentina/ciudad-aut%C3%B3noma-de-buenos-aires/buenos-aires/2025-01-29/data/listings.csv.gz'. Exception: \n  return _dataset_source_registry.resolve(\n","logger":"py.warnings"}
{"timestamp":"2025-08-02T22:13:47.876621","level":"warning","event":"/home/airflow/.local/lib/python3.12/site-packages/mlflow/types/utils.py:452: UserWarning: Hint: Inferred schema contains integer column(s). Integer columns in Python cannot represent missing values. If your input data contains missing values at inference time, it will be encoded as floats and will cause a schema enforcement error. The best way to avoid this problem is to infer the model schema based on a realistic data sample (training dataset) that includes missing values. Alternatively, you can declare integer columns as doubles (float64) whenever these columns may have missing values. See `Handling Integers With Missing Values <https://www.mlflow.org/docs/latest/models.html#handling-integers-with-missing-values>`_ for more details.\n  warnings.warn(\n","logger":"py.warnings"}
{"timestamp":"2025-08-02T22:13:49.629042","level":"info","event":"Done. Returned value was: None","logger":"airflow.task.operators.airflow.providers.standard.decorators.python._PythonDecoratedOperator"}
{"timestamp":"2025-08-02T22:13:49.674010Z","level":"info","event":"🏃 View run ETL_run_2025/08/02-22:13:45\" at: http://mlflow:5000/#/experiments/1/runs/9023c5f689b04dbf843676802ddcc18a","chan":"stdout","logger":"task"}
{"timestamp":"2025-08-02T22:13:49.674848Z","level":"info","event":"🧪 View experiment at: http://mlflow:5000/#/experiments/1","chan":"stdout","logger":"task"}
{"timestamp":"2025-08-02T22:13:49.695956Z","level":"error","event":"2025/08/02 22:13:49 INFO mlflow.system_metrics.system_metrics_monitor: Stopping system metrics monitoring...","chan":"stderr","logger":"task"}
{"timestamp":"2025-08-02T22:13:49.783205Z","level":"error","event":"2025/08/02 22:13:49 INFO mlflow.system_metrics.system_metrics_monitor: Successfully terminated system metrics monitoring!","chan":"stderr","logger":"task"}
