{"timestamp":"2025-08-17T23:09:50.796880","level":"info","event":"DAG bundles loaded: dags-folder","logger":"airflow.dag_processing.bundles.manager.DagBundlesManager"}
{"timestamp":"2025-08-17T23:09:50.797495","level":"info","event":"Filling up the DagBag from /opt/airflow/dags/etl_process.py","logger":"airflow.models.dagbag.DagBag"}
{"timestamp":"2025-08-17T23:09:51.462968","level":"info","event":"Found credentials in environment variables.","logger":"botocore.credentials"}
{"timestamp":"2025-08-17T23:09:51.546177","level":"info","event":"Found endpoint for s3 via: environment_service.","logger":"botocore.configprovider"}
{"timestamp":"2025-08-17T23:09:51.727600","level":"info","event":"Found credentials in environment variables.","logger":"botocore.credentials"}
{"timestamp":"2025-08-17T23:09:51.804042","level":"info","event":"Found endpoint for s3 via: environment_service.","logger":"botocore.configprovider"}
{"timestamp":"2025-08-17T23:09:51.854083","level":"info","event":"Found credentials in environment variables.","logger":"botocore.credentials"}
{"timestamp":"2025-08-17T23:09:52.014900","level":"info","event":"Found endpoint for s3 via: environment_service.","logger":"botocore.configprovider"}
{"timestamp":"2025-08-17T23:09:52.455963","level":"warning","event":"/home/airflow/.local/lib/python3.12/site-packages/sklearn/preprocessing/_encoders.py:228: UserWarning: Found unknown categories in columns [0] during transform. These unknown categories will be encoded as all zeros\n  warnings.warn(\n","logger":"py.warnings"}
{"timestamp":"2025-08-17T23:10:01.920350","level":"info","event":"Found credentials in environment variables.","logger":"botocore.credentials"}
{"timestamp":"2025-08-17T23:10:02.100823","level":"info","event":"Found endpoint for s3 via: environment_service.","logger":"botocore.configprovider"}
{"timestamp":"2025-08-17T23:10:04.110749","level":"info","event":"Found credentials in environment variables.","logger":"botocore.credentials"}
{"timestamp":"2025-08-17T23:10:04.217588","level":"info","event":"Found endpoint for s3 via: environment_service.","logger":"botocore.configprovider"}
{"timestamp":"2025-08-17T23:10:04.259702","level":"info","event":"Found credentials in environment variables.","logger":"botocore.credentials"}
{"timestamp":"2025-08-17T23:10:04.379242","level":"info","event":"Found endpoint for s3 via: environment_service.","logger":"botocore.configprovider"}
{"timestamp":"2025-08-17T23:10:05.286395","level":"info","event":"Found credentials in environment variables.","logger":"botocore.credentials"}
{"timestamp":"2025-08-17T23:10:05.453451","level":"info","event":"Found endpoint for s3 via: environment_service.","logger":"botocore.configprovider"}
{"timestamp":"2025-08-17T23:10:07.570115Z","level":"error","event":"2025/08/17 23:10:07 WARNING mlflow.models.model: `artifact_path` is deprecated. Please use `name` instead.","chan":"stderr","logger":"task"}
{"timestamp":"2025-08-17T23:10:07.957684Z","level":"error","event":"2025/08/17 23:10:07 WARNING mlflow.sklearn: Model was missing function: predict. Not logging python_function flavor!","chan":"stderr","logger":"task"}
{"timestamp":"2025-08-17T23:10:15.113135Z","level":"error","event":"\u001b[31m2025/08/17 23:10:15 WARNING mlflow.models.model: Model logged without a signature and input example. Please set `input_example` parameter when logging the model to auto infer the model signature.\u001b[0m","chan":"stderr","logger":"task"}
{"timestamp":"2025-08-17T23:10:16.293153Z","level":"info","event":"🏃 View run ETL_run_2025/08/17-23:09:28\" at: http://mlflow:5000/#/experiments/1/runs/f2d52a784d3c4e74be6742ab1ab5dcd9","chan":"stdout","logger":"task"}
{"timestamp":"2025-08-17T23:10:16.293549Z","level":"info","event":"🧪 View experiment at: http://mlflow:5000/#/experiments/1","chan":"stdout","logger":"task"}
{"timestamp":"2025-08-17T23:10:16.368204","level":"info","event":"Done. Returned value was: None","logger":"airflow.task.operators.airflow.providers.standard.decorators.python._PythonDecoratedOperator"}
