{"timestamp":"2025-08-17T22:22:04.838730","level":"info","event":"DAG bundles loaded: dags-folder","logger":"airflow.dag_processing.bundles.manager.DagBundlesManager"}
{"timestamp":"2025-08-17T22:22:04.839527","level":"info","event":"Filling up the DagBag from /opt/airflow/dags/retrain_the_model.py","logger":"airflow.models.dagbag.DagBag"}
{"timestamp":"2025-08-17T22:22:05.754190","level":"info","event":"Found credentials in environment variables.","logger":"botocore.credentials"}
{"timestamp":"2025-08-17T22:22:05.909197","level":"info","event":"Found endpoint for s3 via: environment_service.","logger":"botocore.configprovider"}
{"timestamp":"2025-08-17T22:22:07.133769","level":"info","event":"Found credentials in environment variables.","logger":"botocore.credentials"}
{"timestamp":"2025-08-17T22:22:07.291526","level":"info","event":"Found endpoint for s3 via: environment_service.","logger":"botocore.configprovider"}
{"timestamp":"2025-08-17T22:22:07.406433","level":"info","event":"Found credentials in environment variables.","logger":"botocore.credentials"}
{"timestamp":"2025-08-17T22:22:07.537674","level":"info","event":"Found endpoint for s3 via: environment_service.","logger":"botocore.configprovider"}
{"timestamp":"2025-08-17T22:22:07.760628","level":"info","event":"Found credentials in environment variables.","logger":"botocore.credentials"}
{"timestamp":"2025-08-17T22:22:07.916270","level":"info","event":"Found endpoint for s3 via: environment_service.","logger":"botocore.configprovider"}
{"timestamp":"2025-08-17T22:22:11.761393Z","level":"info","event":"No champion model found. Training initial model...","chan":"stdout","logger":"task"}
{"timestamp":"2025-08-17T22:22:12.111087Z","level":"error","event":"2025/08/17 22:22:12 INFO mlflow.system_metrics.system_metrics_monitor: Skip logging GPU metrics. Set logger level to DEBUG for more details.","chan":"stderr","logger":"task"}
{"timestamp":"2025-08-17T22:22:12.112891Z","level":"error","event":"2025/08/17 22:22:12 INFO mlflow.system_metrics.system_metrics_monitor: Started monitoring system metrics.","chan":"stderr","logger":"task"}
{"timestamp":"2025-08-17T22:22:12.179540","level":"warning","event":"/home/airflow/.local/lib/python3.12/site-packages/joblib/parallel.py:1379: UserWarning: Loky-backed parallel loops cannot be called in a multiprocessing, setting n_jobs=1\n  n_jobs = self._backend.configure(\n","logger":"py.warnings"}
{"timestamp":"2025-08-17T22:22:15.862593","level":"warning","event":"/home/airflow/.local/lib/python3.12/site-packages/sklearn/ensemble/_base.py:214: UserWarning: Loky-backed parallel loops cannot be called in a multiprocessing, setting n_jobs=1\n  n_jobs = min(effective_n_jobs(n_jobs), n_estimators)\n","logger":"py.warnings"}
{"timestamp":"2025-08-17T22:22:17.215332","level":"warning","event":"/home/airflow/.local/lib/python3.12/site-packages/sklearn/ensemble/_base.py:214: UserWarning: Loky-backed parallel loops cannot be called in a multiprocessing, setting n_jobs=1\n  n_jobs = min(effective_n_jobs(n_jobs), n_estimators)\n","logger":"py.warnings"}
{"timestamp":"2025-08-17T22:22:17.981054","level":"warning","event":"/home/airflow/.local/lib/python3.12/site-packages/sklearn/ensemble/_base.py:214: UserWarning: Loky-backed parallel loops cannot be called in a multiprocessing, setting n_jobs=1\n  n_jobs = min(effective_n_jobs(n_jobs), n_estimators)\n","logger":"py.warnings"}
{"timestamp":"2025-08-17T22:22:18.595912","level":"warning","event":"/home/airflow/.local/lib/python3.12/site-packages/sklearn/ensemble/_base.py:214: UserWarning: Loky-backed parallel loops cannot be called in a multiprocessing, setting n_jobs=1\n  n_jobs = min(effective_n_jobs(n_jobs), n_estimators)\n","logger":"py.warnings"}
{"timestamp":"2025-08-17T22:22:19.249409","level":"warning","event":"/home/airflow/.local/lib/python3.12/site-packages/sklearn/ensemble/_base.py:214: UserWarning: Loky-backed parallel loops cannot be called in a multiprocessing, setting n_jobs=1\n  n_jobs = min(effective_n_jobs(n_jobs), n_estimators)\n","logger":"py.warnings"}
{"timestamp":"2025-08-17T22:22:19.505200Z","level":"info","event":"🏃 View run RF Trial: 0 at: http://mlflow:5000/#/experiments/1/runs/61ee1c2f01334d68af8b2db9eb5189bf","chan":"stdout","logger":"task"}
{"timestamp":"2025-08-17T22:22:19.505922Z","level":"info","event":"🧪 View experiment at: http://mlflow:5000/#/experiments/1","chan":"stdout","logger":"task"}
{"timestamp":"2025-08-17T22:22:19.554830Z","level":"info","event":"Initial trial 0 achieved value: 0.7546455659904918","chan":"stdout","logger":"task"}
{"timestamp":"2025-08-17T22:22:19.588343","level":"warning","event":"/home/airflow/.local/lib/python3.12/site-packages/joblib/parallel.py:1379: UserWarning: Loky-backed parallel loops cannot be called in a multiprocessing, setting n_jobs=1\n  n_jobs = self._backend.configure(\n","logger":"py.warnings"}
{"timestamp":"2025-08-17T22:22:22.393782","level":"warning","event":"/home/airflow/.local/lib/python3.12/site-packages/sklearn/ensemble/_base.py:214: UserWarning: Loky-backed parallel loops cannot be called in a multiprocessing, setting n_jobs=1\n  n_jobs = min(effective_n_jobs(n_jobs), n_estimators)\n","logger":"py.warnings"}
{"timestamp":"2025-08-17T22:22:24.267318","level":"warning","event":"/home/airflow/.local/lib/python3.12/site-packages/sklearn/ensemble/_base.py:214: UserWarning: Loky-backed parallel loops cannot be called in a multiprocessing, setting n_jobs=1\n  n_jobs = min(effective_n_jobs(n_jobs), n_estimators)\n","logger":"py.warnings"}
{"timestamp":"2025-08-17T22:22:26.908179","level":"warning","event":"/home/airflow/.local/lib/python3.12/site-packages/sklearn/ensemble/_base.py:214: UserWarning: Loky-backed parallel loops cannot be called in a multiprocessing, setting n_jobs=1\n  n_jobs = min(effective_n_jobs(n_jobs), n_estimators)\n","logger":"py.warnings"}
{"timestamp":"2025-08-17T22:22:29.151894","level":"warning","event":"/home/airflow/.local/lib/python3.12/site-packages/sklearn/ensemble/_base.py:214: UserWarning: Loky-backed parallel loops cannot be called in a multiprocessing, setting n_jobs=1\n  n_jobs = min(effective_n_jobs(n_jobs), n_estimators)\n","logger":"py.warnings"}
{"timestamp":"2025-08-17T22:22:31.893093","level":"warning","event":"/home/airflow/.local/lib/python3.12/site-packages/sklearn/ensemble/_base.py:214: UserWarning: Loky-backed parallel loops cannot be called in a multiprocessing, setting n_jobs=1\n  n_jobs = min(effective_n_jobs(n_jobs), n_estimators)\n","logger":"py.warnings"}
{"timestamp":"2025-08-17T22:22:32.608982Z","level":"info","event":"🏃 View run RF Trial: 1 at: http://mlflow:5000/#/experiments/1/runs/1bcda22e54e64e3a98604b5462da3bda","chan":"stdout","logger":"task"}
{"timestamp":"2025-08-17T22:22:32.609955Z","level":"info","event":"🧪 View experiment at: http://mlflow:5000/#/experiments/1","chan":"stdout","logger":"task"}
{"timestamp":"2025-08-17T22:22:32.870009Z","level":"info","event":"Trial 1 achieved value: 0.7912394650309278 with  4.6249% improvement","chan":"stdout","logger":"task"}
{"timestamp":"2025-08-17T22:22:32.939495","level":"warning","event":"/home/airflow/.local/lib/python3.12/site-packages/joblib/parallel.py:1379: UserWarning: Loky-backed parallel loops cannot be called in a multiprocessing, setting n_jobs=1\n  n_jobs = self._backend.configure(\n","logger":"py.warnings"}
{"timestamp":"2025-08-17T22:22:36.611112","level":"warning","event":"/home/airflow/.local/lib/python3.12/site-packages/sklearn/ensemble/_base.py:214: UserWarning: Loky-backed parallel loops cannot be called in a multiprocessing, setting n_jobs=1\n  n_jobs = min(effective_n_jobs(n_jobs), n_estimators)\n","logger":"py.warnings"}
{"timestamp":"2025-08-17T22:22:42.966583","level":"warning","event":"/home/airflow/.local/lib/python3.12/site-packages/sklearn/ensemble/_base.py:214: UserWarning: Loky-backed parallel loops cannot be called in a multiprocessing, setting n_jobs=1\n  n_jobs = min(effective_n_jobs(n_jobs), n_estimators)\n","logger":"py.warnings"}
{"timestamp":"2025-08-17T22:22:46.043485","level":"warning","event":"/home/airflow/.local/lib/python3.12/site-packages/sklearn/ensemble/_base.py:214: UserWarning: Loky-backed parallel loops cannot be called in a multiprocessing, setting n_jobs=1\n  n_jobs = min(effective_n_jobs(n_jobs), n_estimators)\n","logger":"py.warnings"}
{"timestamp":"2025-08-17T22:22:52.803309","level":"warning","event":"/home/airflow/.local/lib/python3.12/site-packages/sklearn/ensemble/_base.py:214: UserWarning: Loky-backed parallel loops cannot be called in a multiprocessing, setting n_jobs=1\n  n_jobs = min(effective_n_jobs(n_jobs), n_estimators)\n","logger":"py.warnings"}
{"timestamp":"2025-08-17T22:23:00.463406","level":"warning","event":"/home/airflow/.local/lib/python3.12/site-packages/sklearn/ensemble/_base.py:214: UserWarning: Loky-backed parallel loops cannot be called in a multiprocessing, setting n_jobs=1\n  n_jobs = min(effective_n_jobs(n_jobs), n_estimators)\n","logger":"py.warnings"}
{"timestamp":"2025-08-17T22:23:01.904833Z","level":"info","event":"🏃 View run RF Trial: 2 at: http://mlflow:5000/#/experiments/1/runs/a4d1cd682cdf421e9cfe9fbe501605f8","chan":"stdout","logger":"task"}
{"timestamp":"2025-08-17T22:23:01.925331Z","level":"info","event":"🧪 View experiment at: http://mlflow:5000/#/experiments/1","chan":"stdout","logger":"task"}
{"timestamp":"2025-08-17T22:23:02.233410Z","level":"info","event":"Trial 2 achieved value: 0.8116939958831031 with  2.5200% improvement","chan":"stdout","logger":"task"}
{"timestamp":"2025-08-17T22:23:02.461810","level":"warning","event":"/home/airflow/.local/lib/python3.12/site-packages/joblib/parallel.py:1379: UserWarning: Loky-backed parallel loops cannot be called in a multiprocessing, setting n_jobs=1\n  n_jobs = self._backend.configure(\n","logger":"py.warnings"}
{"timestamp":"2025-08-17T22:23:05.792487","level":"warning","event":"/home/airflow/.local/lib/python3.12/site-packages/sklearn/ensemble/_base.py:214: UserWarning: Loky-backed parallel loops cannot be called in a multiprocessing, setting n_jobs=1\n  n_jobs = min(effective_n_jobs(n_jobs), n_estimators)\n","logger":"py.warnings"}
{"timestamp":"2025-08-17T22:23:08.464850","level":"warning","event":"/home/airflow/.local/lib/python3.12/site-packages/sklearn/ensemble/_base.py:214: UserWarning: Loky-backed parallel loops cannot be called in a multiprocessing, setting n_jobs=1\n  n_jobs = min(effective_n_jobs(n_jobs), n_estimators)\n","logger":"py.warnings"}
{"timestamp":"2025-08-17T22:23:11.844296","level":"warning","event":"/home/airflow/.local/lib/python3.12/site-packages/sklearn/ensemble/_base.py:214: UserWarning: Loky-backed parallel loops cannot be called in a multiprocessing, setting n_jobs=1\n  n_jobs = min(effective_n_jobs(n_jobs), n_estimators)\n","logger":"py.warnings"}
{"timestamp":"2025-08-17T22:23:16.223888","level":"warning","event":"/home/airflow/.local/lib/python3.12/site-packages/sklearn/ensemble/_base.py:214: UserWarning: Loky-backed parallel loops cannot be called in a multiprocessing, setting n_jobs=1\n  n_jobs = min(effective_n_jobs(n_jobs), n_estimators)\n","logger":"py.warnings"}
{"timestamp":"2025-08-17T22:23:19.072608","level":"warning","event":"/home/airflow/.local/lib/python3.12/site-packages/sklearn/ensemble/_base.py:214: UserWarning: Loky-backed parallel loops cannot be called in a multiprocessing, setting n_jobs=1\n  n_jobs = min(effective_n_jobs(n_jobs), n_estimators)\n","logger":"py.warnings"}
{"timestamp":"2025-08-17T22:23:19.568299Z","level":"info","event":"🏃 View run RF Trial: 3 at: http://mlflow:5000/#/experiments/1/runs/c4fa4a69529d4a74bd6666d6cd211e89","chan":"stdout","logger":"task"}
{"timestamp":"2025-08-17T22:23:19.568704Z","level":"info","event":"🧪 View experiment at: http://mlflow:5000/#/experiments/1","chan":"stdout","logger":"task"}
{"timestamp":"2025-08-17T22:23:19.697185","level":"warning","event":"/home/airflow/.local/lib/python3.12/site-packages/joblib/parallel.py:1379: UserWarning: Loky-backed parallel loops cannot be called in a multiprocessing, setting n_jobs=1\n  n_jobs = self._backend.configure(\n","logger":"py.warnings"}
{"timestamp":"2025-08-17T22:23:23.807864","level":"warning","event":"/home/airflow/.local/lib/python3.12/site-packages/sklearn/ensemble/_base.py:214: UserWarning: Loky-backed parallel loops cannot be called in a multiprocessing, setting n_jobs=1\n  n_jobs = min(effective_n_jobs(n_jobs), n_estimators)\n","logger":"py.warnings"}
{"timestamp":"2025-08-17T22:23:27.663513","level":"warning","event":"/home/airflow/.local/lib/python3.12/site-packages/sklearn/ensemble/_base.py:214: UserWarning: Loky-backed parallel loops cannot be called in a multiprocessing, setting n_jobs=1\n  n_jobs = min(effective_n_jobs(n_jobs), n_estimators)\n","logger":"py.warnings"}
{"timestamp":"2025-08-17T22:23:36.675885","level":"warning","event":"/home/airflow/.local/lib/python3.12/site-packages/sklearn/ensemble/_base.py:214: UserWarning: Loky-backed parallel loops cannot be called in a multiprocessing, setting n_jobs=1\n  n_jobs = min(effective_n_jobs(n_jobs), n_estimators)\n","logger":"py.warnings"}
{"timestamp":"2025-08-17T22:23:41.884552","level":"warning","event":"/home/airflow/.local/lib/python3.12/site-packages/sklearn/ensemble/_base.py:214: UserWarning: Loky-backed parallel loops cannot be called in a multiprocessing, setting n_jobs=1\n  n_jobs = min(effective_n_jobs(n_jobs), n_estimators)\n","logger":"py.warnings"}
{"timestamp":"2025-08-17T22:23:48.165953","level":"warning","event":"/home/airflow/.local/lib/python3.12/site-packages/sklearn/ensemble/_base.py:214: UserWarning: Loky-backed parallel loops cannot be called in a multiprocessing, setting n_jobs=1\n  n_jobs = min(effective_n_jobs(n_jobs), n_estimators)\n","logger":"py.warnings"}
{"timestamp":"2025-08-17T22:23:49.534657Z","level":"info","event":"🏃 View run RF Trial: 4 at: http://mlflow:5000/#/experiments/1/runs/7b2d56b1b3be44b69adbc7a38d9cee24","chan":"stdout","logger":"task"}
{"timestamp":"2025-08-17T22:23:49.547525Z","level":"info","event":"🧪 View experiment at: http://mlflow:5000/#/experiments/1","chan":"stdout","logger":"task"}
{"timestamp":"2025-08-17T22:23:49.815404","level":"warning","event":"/home/airflow/.local/lib/python3.12/site-packages/joblib/parallel.py:1379: UserWarning: Loky-backed parallel loops cannot be called in a multiprocessing, setting n_jobs=1\n  n_jobs = self._backend.configure(\n","logger":"py.warnings"}
{"timestamp":"2025-08-17T22:23:53.038272","level":"warning","event":"/home/airflow/.local/lib/python3.12/site-packages/sklearn/ensemble/_base.py:214: UserWarning: Loky-backed parallel loops cannot be called in a multiprocessing, setting n_jobs=1\n  n_jobs = min(effective_n_jobs(n_jobs), n_estimators)\n","logger":"py.warnings"}
{"timestamp":"2025-08-17T22:23:55.027170","level":"warning","event":"/home/airflow/.local/lib/python3.12/site-packages/sklearn/ensemble/_base.py:214: UserWarning: Loky-backed parallel loops cannot be called in a multiprocessing, setting n_jobs=1\n  n_jobs = min(effective_n_jobs(n_jobs), n_estimators)\n","logger":"py.warnings"}
{"timestamp":"2025-08-17T22:23:59.512774","level":"warning","event":"/home/airflow/.local/lib/python3.12/site-packages/sklearn/ensemble/_base.py:214: UserWarning: Loky-backed parallel loops cannot be called in a multiprocessing, setting n_jobs=1\n  n_jobs = min(effective_n_jobs(n_jobs), n_estimators)\n","logger":"py.warnings"}
{"timestamp":"2025-08-17T22:24:01.916655","level":"warning","event":"/home/airflow/.local/lib/python3.12/site-packages/sklearn/ensemble/_base.py:214: UserWarning: Loky-backed parallel loops cannot be called in a multiprocessing, setting n_jobs=1\n  n_jobs = min(effective_n_jobs(n_jobs), n_estimators)\n","logger":"py.warnings"}
{"timestamp":"2025-08-17T22:24:05.314134","level":"warning","event":"/home/airflow/.local/lib/python3.12/site-packages/sklearn/ensemble/_base.py:214: UserWarning: Loky-backed parallel loops cannot be called in a multiprocessing, setting n_jobs=1\n  n_jobs = min(effective_n_jobs(n_jobs), n_estimators)\n","logger":"py.warnings"}
{"timestamp":"2025-08-17T22:24:06.207857Z","level":"info","event":"🏃 View run RF Trial: 5 at: http://mlflow:5000/#/experiments/1/runs/3f62e3018a694282aa5c58d3681bc669","chan":"stdout","logger":"task"}
{"timestamp":"2025-08-17T22:24:06.213549Z","level":"info","event":"🧪 View experiment at: http://mlflow:5000/#/experiments/1","chan":"stdout","logger":"task"}
{"timestamp":"2025-08-17T22:24:06.486791","level":"warning","event":"/home/airflow/.local/lib/python3.12/site-packages/joblib/parallel.py:1379: UserWarning: Loky-backed parallel loops cannot be called in a multiprocessing, setting n_jobs=1\n  n_jobs = self._backend.configure(\n","logger":"py.warnings"}
{"timestamp":"2025-08-17T22:24:10.342529","level":"warning","event":"/home/airflow/.local/lib/python3.12/site-packages/sklearn/ensemble/_base.py:214: UserWarning: Loky-backed parallel loops cannot be called in a multiprocessing, setting n_jobs=1\n  n_jobs = min(effective_n_jobs(n_jobs), n_estimators)\n","logger":"py.warnings"}
{"timestamp":"2025-08-17T22:24:19.327343","level":"warning","event":"/home/airflow/.local/lib/python3.12/site-packages/sklearn/ensemble/_base.py:214: UserWarning: Loky-backed parallel loops cannot be called in a multiprocessing, setting n_jobs=1\n  n_jobs = min(effective_n_jobs(n_jobs), n_estimators)\n","logger":"py.warnings"}
{"timestamp":"2025-08-17T22:24:21.746166","level":"warning","event":"/home/airflow/.local/lib/python3.12/site-packages/sklearn/ensemble/_base.py:214: UserWarning: Loky-backed parallel loops cannot be called in a multiprocessing, setting n_jobs=1\n  n_jobs = min(effective_n_jobs(n_jobs), n_estimators)\n","logger":"py.warnings"}
{"timestamp":"2025-08-17T22:24:23.437073","level":"warning","event":"/home/airflow/.local/lib/python3.12/site-packages/sklearn/ensemble/_base.py:214: UserWarning: Loky-backed parallel loops cannot be called in a multiprocessing, setting n_jobs=1\n  n_jobs = min(effective_n_jobs(n_jobs), n_estimators)\n","logger":"py.warnings"}
{"timestamp":"2025-08-17T22:24:26.848196","level":"warning","event":"/home/airflow/.local/lib/python3.12/site-packages/sklearn/ensemble/_base.py:214: UserWarning: Loky-backed parallel loops cannot be called in a multiprocessing, setting n_jobs=1\n  n_jobs = min(effective_n_jobs(n_jobs), n_estimators)\n","logger":"py.warnings"}
{"timestamp":"2025-08-17T22:24:27.586168Z","level":"info","event":"🏃 View run RF Trial: 6 at: http://mlflow:5000/#/experiments/1/runs/adb82d66b5344ff6af937ddfaab7ad22","chan":"stdout","logger":"task"}
{"timestamp":"2025-08-17T22:24:27.586660Z","level":"info","event":"🧪 View experiment at: http://mlflow:5000/#/experiments/1","chan":"stdout","logger":"task"}
{"timestamp":"2025-08-17T22:24:27.695792","level":"warning","event":"/home/airflow/.local/lib/python3.12/site-packages/joblib/parallel.py:1379: UserWarning: Loky-backed parallel loops cannot be called in a multiprocessing, setting n_jobs=1\n  n_jobs = self._backend.configure(\n","logger":"py.warnings"}
{"timestamp":"2025-08-17T22:24:31.957621","level":"warning","event":"/home/airflow/.local/lib/python3.12/site-packages/sklearn/ensemble/_base.py:214: UserWarning: Loky-backed parallel loops cannot be called in a multiprocessing, setting n_jobs=1\n  n_jobs = min(effective_n_jobs(n_jobs), n_estimators)\n","logger":"py.warnings"}
{"timestamp":"2025-08-17T22:24:34.941941","level":"warning","event":"/home/airflow/.local/lib/python3.12/site-packages/sklearn/ensemble/_base.py:214: UserWarning: Loky-backed parallel loops cannot be called in a multiprocessing, setting n_jobs=1\n  n_jobs = min(effective_n_jobs(n_jobs), n_estimators)\n","logger":"py.warnings"}
{"timestamp":"2025-08-17T22:24:36.803020","level":"warning","event":"/home/airflow/.local/lib/python3.12/site-packages/sklearn/ensemble/_base.py:214: UserWarning: Loky-backed parallel loops cannot be called in a multiprocessing, setting n_jobs=1\n  n_jobs = min(effective_n_jobs(n_jobs), n_estimators)\n","logger":"py.warnings"}
{"timestamp":"2025-08-17T22:24:39.123366","level":"warning","event":"/home/airflow/.local/lib/python3.12/site-packages/sklearn/ensemble/_base.py:214: UserWarning: Loky-backed parallel loops cannot be called in a multiprocessing, setting n_jobs=1\n  n_jobs = min(effective_n_jobs(n_jobs), n_estimators)\n","logger":"py.warnings"}
{"timestamp":"2025-08-17T22:24:40.683562","level":"warning","event":"/home/airflow/.local/lib/python3.12/site-packages/sklearn/ensemble/_base.py:214: UserWarning: Loky-backed parallel loops cannot be called in a multiprocessing, setting n_jobs=1\n  n_jobs = min(effective_n_jobs(n_jobs), n_estimators)\n","logger":"py.warnings"}
{"timestamp":"2025-08-17T22:24:41.095568Z","level":"info","event":"🏃 View run RF Trial: 7 at: http://mlflow:5000/#/experiments/1/runs/9396224d736e4d32b1fb2fb5ff05abc2","chan":"stdout","logger":"task"}
{"timestamp":"2025-08-17T22:24:41.096120Z","level":"info","event":"🧪 View experiment at: http://mlflow:5000/#/experiments/1","chan":"stdout","logger":"task"}
{"timestamp":"2025-08-17T22:24:41.137401","level":"warning","event":"/home/airflow/.local/lib/python3.12/site-packages/joblib/parallel.py:1379: UserWarning: Loky-backed parallel loops cannot be called in a multiprocessing, setting n_jobs=1\n  n_jobs = self._backend.configure(\n","logger":"py.warnings"}
{"timestamp":"2025-08-17T22:24:43.787060","level":"warning","event":"/home/airflow/.local/lib/python3.12/site-packages/sklearn/ensemble/_base.py:214: UserWarning: Loky-backed parallel loops cannot be called in a multiprocessing, setting n_jobs=1\n  n_jobs = min(effective_n_jobs(n_jobs), n_estimators)\n","logger":"py.warnings"}
{"timestamp":"2025-08-17T22:24:45.742676","level":"warning","event":"/home/airflow/.local/lib/python3.12/site-packages/sklearn/ensemble/_base.py:214: UserWarning: Loky-backed parallel loops cannot be called in a multiprocessing, setting n_jobs=1\n  n_jobs = min(effective_n_jobs(n_jobs), n_estimators)\n","logger":"py.warnings"}
{"timestamp":"2025-08-17T22:24:47.316378","level":"warning","event":"/home/airflow/.local/lib/python3.12/site-packages/sklearn/ensemble/_base.py:214: UserWarning: Loky-backed parallel loops cannot be called in a multiprocessing, setting n_jobs=1\n  n_jobs = min(effective_n_jobs(n_jobs), n_estimators)\n","logger":"py.warnings"}
{"timestamp":"2025-08-17T22:24:49.874206","level":"warning","event":"/home/airflow/.local/lib/python3.12/site-packages/sklearn/ensemble/_base.py:214: UserWarning: Loky-backed parallel loops cannot be called in a multiprocessing, setting n_jobs=1\n  n_jobs = min(effective_n_jobs(n_jobs), n_estimators)\n","logger":"py.warnings"}
{"timestamp":"2025-08-17T22:24:55.814401","level":"warning","event":"/home/airflow/.local/lib/python3.12/site-packages/sklearn/ensemble/_base.py:214: UserWarning: Loky-backed parallel loops cannot be called in a multiprocessing, setting n_jobs=1\n  n_jobs = min(effective_n_jobs(n_jobs), n_estimators)\n","logger":"py.warnings"}
{"timestamp":"2025-08-17T22:24:56.590634Z","level":"info","event":"🏃 View run RF Trial: 8 at: http://mlflow:5000/#/experiments/1/runs/f03bbd6276c74ae29bbf4d45174b7aaa","chan":"stdout","logger":"task"}
{"timestamp":"2025-08-17T22:24:56.591503Z","level":"info","event":"🧪 View experiment at: http://mlflow:5000/#/experiments/1","chan":"stdout","logger":"task"}
{"timestamp":"2025-08-17T22:24:56.936462","level":"warning","event":"/home/airflow/.local/lib/python3.12/site-packages/joblib/parallel.py:1379: UserWarning: Loky-backed parallel loops cannot be called in a multiprocessing, setting n_jobs=1\n  n_jobs = self._backend.configure(\n","logger":"py.warnings"}
{"timestamp":"2025-08-17T22:24:58.996507","level":"warning","event":"/home/airflow/.local/lib/python3.12/site-packages/sklearn/ensemble/_base.py:214: UserWarning: Loky-backed parallel loops cannot be called in a multiprocessing, setting n_jobs=1\n  n_jobs = min(effective_n_jobs(n_jobs), n_estimators)\n","logger":"py.warnings"}
{"timestamp":"2025-08-17T22:25:01.447492","level":"warning","event":"/home/airflow/.local/lib/python3.12/site-packages/sklearn/ensemble/_base.py:214: UserWarning: Loky-backed parallel loops cannot be called in a multiprocessing, setting n_jobs=1\n  n_jobs = min(effective_n_jobs(n_jobs), n_estimators)\n","logger":"py.warnings"}
{"timestamp":"2025-08-17T22:25:04.176870","level":"warning","event":"/home/airflow/.local/lib/python3.12/site-packages/sklearn/ensemble/_base.py:214: UserWarning: Loky-backed parallel loops cannot be called in a multiprocessing, setting n_jobs=1\n  n_jobs = min(effective_n_jobs(n_jobs), n_estimators)\n","logger":"py.warnings"}
{"timestamp":"2025-08-17T22:25:08.071660","level":"warning","event":"/home/airflow/.local/lib/python3.12/site-packages/sklearn/ensemble/_base.py:214: UserWarning: Loky-backed parallel loops cannot be called in a multiprocessing, setting n_jobs=1\n  n_jobs = min(effective_n_jobs(n_jobs), n_estimators)\n","logger":"py.warnings"}
{"timestamp":"2025-08-17T22:25:11.788286","level":"warning","event":"/home/airflow/.local/lib/python3.12/site-packages/sklearn/ensemble/_base.py:214: UserWarning: Loky-backed parallel loops cannot be called in a multiprocessing, setting n_jobs=1\n  n_jobs = min(effective_n_jobs(n_jobs), n_estimators)\n","logger":"py.warnings"}
{"timestamp":"2025-08-17T22:25:13.552910Z","level":"info","event":"🏃 View run RF Trial: 9 at: http://mlflow:5000/#/experiments/1/runs/1d62fb7087904ff79e15dffff246ca05","chan":"stdout","logger":"task"}
{"timestamp":"2025-08-17T22:25:13.556760Z","level":"info","event":"🧪 View experiment at: http://mlflow:5000/#/experiments/1","chan":"stdout","logger":"task"}
