{"timestamp":"2025-08-17T22:02:32.597993","level":"info","event":"DAG bundles loaded: dags-folder","logger":"airflow.dag_processing.bundles.manager.DagBundlesManager"}
{"timestamp":"2025-08-17T22:02:32.598671","level":"info","event":"Filling up the DagBag from /opt/airflow/dags/etl_process.py","logger":"airflow.models.dagbag.DagBag"}
{"timestamp":"2025-08-17T22:02:33.372650","level":"info","event":"Found credentials in environment variables.","logger":"botocore.credentials"}
{"timestamp":"2025-08-17T22:02:33.455063","level":"info","event":"Found endpoint for s3 via: environment_service.","logger":"botocore.configprovider"}
{"timestamp":"2025-08-17T22:02:33.623190","level":"info","event":"Found credentials in environment variables.","logger":"botocore.credentials"}
{"timestamp":"2025-08-17T22:02:33.687183","level":"info","event":"Found endpoint for s3 via: environment_service.","logger":"botocore.configprovider"}
{"timestamp":"2025-08-17T22:02:33.741195","level":"info","event":"Found credentials in environment variables.","logger":"botocore.credentials"}
{"timestamp":"2025-08-17T22:02:33.809928","level":"info","event":"Found endpoint for s3 via: environment_service.","logger":"botocore.configprovider"}
{"timestamp":"2025-08-17T22:02:34.179417","level":"warning","event":"/home/airflow/.local/lib/python3.12/site-packages/sklearn/preprocessing/_encoders.py:228: UserWarning: Found unknown categories in columns [0] during transform. These unknown categories will be encoded as all zeros\n  warnings.warn(\n","logger":"py.warnings"}
{"timestamp":"2025-08-17T22:02:45.920040","level":"info","event":"Found credentials in environment variables.","logger":"botocore.credentials"}
{"timestamp":"2025-08-17T22:02:46.034199","level":"info","event":"Found endpoint for s3 via: environment_service.","logger":"botocore.configprovider"}
{"timestamp":"2025-08-17T22:02:48.624088","level":"info","event":"Found credentials in environment variables.","logger":"botocore.credentials"}
{"timestamp":"2025-08-17T22:02:48.921343","level":"info","event":"Found endpoint for s3 via: environment_service.","logger":"botocore.configprovider"}
{"timestamp":"2025-08-17T22:02:49.110531","level":"info","event":"Found credentials in environment variables.","logger":"botocore.credentials"}
{"timestamp":"2025-08-17T22:02:49.251794","level":"info","event":"Found endpoint for s3 via: environment_service.","logger":"botocore.configprovider"}
{"timestamp":"2025-08-17T22:02:49.878949","level":"info","event":"Found credentials in environment variables.","logger":"botocore.credentials"}
{"timestamp":"2025-08-17T22:02:50.010341","level":"info","event":"Found endpoint for s3 via: environment_service.","logger":"botocore.configprovider"}
{"timestamp":"2025-08-17T22:02:51.226663Z","level":"error","event":"2025/08/17 22:02:51 WARNING mlflow.models.model: `artifact_path` is deprecated. Please use `name` instead.","chan":"stderr","logger":"task"}
{"timestamp":"2025-08-17T22:02:51.955878Z","level":"error","event":"2025/08/17 22:02:51 WARNING mlflow.sklearn: Model was missing function: predict. Not logging python_function flavor!","chan":"stderr","logger":"task"}
{"timestamp":"2025-08-17T22:03:02.323454Z","level":"error","event":"\u001b[31m2025/08/17 22:03:02 WARNING mlflow.models.model: Model logged without a signature and input example. Please set `input_example` parameter when logging the model to auto infer the model signature.\u001b[0m","chan":"stderr","logger":"task"}
{"timestamp":"2025-08-17T22:03:04.015564Z","level":"info","event":"🏃 View run ETL_run_2025/08/17-22:01:58\" at: http://mlflow:5000/#/experiments/1/runs/cb7822060c8047fdba879382fbda9cf2","chan":"stdout","logger":"task"}
{"timestamp":"2025-08-17T22:03:04.016929Z","level":"info","event":"🧪 View experiment at: http://mlflow:5000/#/experiments/1","chan":"stdout","logger":"task"}
{"timestamp":"2025-08-17T22:03:04.170489","level":"info","event":"Done. Returned value was: None","logger":"airflow.task.operators.airflow.providers.standard.decorators.python._PythonDecoratedOperator"}
