{"timestamp":"2025-08-17T21:37:07.217091","level":"info","event":"DAG bundles loaded: dags-folder","logger":"airflow.dag_processing.bundles.manager.DagBundlesManager"}
{"timestamp":"2025-08-17T21:37:07.235621","level":"info","event":"Filling up the DagBag from /opt/airflow/dags/retrain_the_model.py","logger":"airflow.models.dagbag.DagBag"}
{"timestamp":"2025-08-17T21:37:10.462083","level":"info","event":"Found credentials in environment variables.","logger":"botocore.credentials"}
{"timestamp":"2025-08-17T21:37:10.983591","level":"info","event":"Found endpoint for s3 via: environment_service.","logger":"botocore.configprovider"}
{"timestamp":"2025-08-17T21:37:15.573903","level":"info","event":"Found credentials in environment variables.","logger":"botocore.credentials"}
{"timestamp":"2025-08-17T21:37:16.101970","level":"info","event":"Found endpoint for s3 via: environment_service.","logger":"botocore.configprovider"}
{"timestamp":"2025-08-17T21:37:16.618769","level":"info","event":"Found credentials in environment variables.","logger":"botocore.credentials"}
{"timestamp":"2025-08-17T21:37:16.974663","level":"info","event":"Found endpoint for s3 via: environment_service.","logger":"botocore.configprovider"}
{"timestamp":"2025-08-17T21:37:17.984306","level":"info","event":"Found credentials in environment variables.","logger":"botocore.credentials"}
{"timestamp":"2025-08-17T21:37:18.140003","level":"info","event":"Found endpoint for s3 via: environment_service.","logger":"botocore.configprovider"}
{"timestamp":"2025-08-17T21:37:18.935311Z","level":"info","event":"No champion model found. Training initial model...","chan":"stdout","logger":"task"}
{"timestamp":"2025-08-17T21:37:25.649822Z","level":"error","event":"2025/08/17 21:37:24 INFO mlflow.system_metrics.system_metrics_monitor: Skip logging GPU metrics. Set logger level to DEBUG for more details.","chan":"stderr","logger":"task"}
{"timestamp":"2025-08-17T21:37:25.671260Z","level":"error","event":"2025/08/17 21:37:24 INFO mlflow.system_metrics.system_metrics_monitor: Started monitoring system metrics.","chan":"stderr","logger":"task"}
{"timestamp":"2025-08-17T21:37:24.890710","level":"warning","event":"/home/airflow/.local/lib/python3.12/site-packages/joblib/parallel.py:1379: UserWarning: Loky-backed parallel loops cannot be called in a multiprocessing, setting n_jobs=1\n  n_jobs = self._backend.configure(\n","logger":"py.warnings"}
{"timestamp":"2025-08-17T21:37:32.850230","level":"warning","event":"/home/airflow/.local/lib/python3.12/site-packages/sklearn/ensemble/_base.py:214: UserWarning: Loky-backed parallel loops cannot be called in a multiprocessing, setting n_jobs=1\n  n_jobs = min(effective_n_jobs(n_jobs), n_estimators)\n","logger":"py.warnings"}
{"timestamp":"2025-08-17T21:37:39.355011","level":"warning","event":"/home/airflow/.local/lib/python3.12/site-packages/sklearn/ensemble/_base.py:214: UserWarning: Loky-backed parallel loops cannot be called in a multiprocessing, setting n_jobs=1\n  n_jobs = min(effective_n_jobs(n_jobs), n_estimators)\n","logger":"py.warnings"}
{"timestamp":"2025-08-17T21:37:44.897483","level":"warning","event":"/home/airflow/.local/lib/python3.12/site-packages/sklearn/ensemble/_base.py:214: UserWarning: Loky-backed parallel loops cannot be called in a multiprocessing, setting n_jobs=1\n  n_jobs = min(effective_n_jobs(n_jobs), n_estimators)\n","logger":"py.warnings"}
{"timestamp":"2025-08-17T21:37:57.181817","level":"warning","event":"/home/airflow/.local/lib/python3.12/site-packages/sklearn/ensemble/_base.py:214: UserWarning: Loky-backed parallel loops cannot be called in a multiprocessing, setting n_jobs=1\n  n_jobs = min(effective_n_jobs(n_jobs), n_estimators)\n","logger":"py.warnings"}
{"timestamp":"2025-08-17T21:38:12.523053","level":"warning","event":"/home/airflow/.local/lib/python3.12/site-packages/sklearn/ensemble/_base.py:214: UserWarning: Loky-backed parallel loops cannot be called in a multiprocessing, setting n_jobs=1\n  n_jobs = min(effective_n_jobs(n_jobs), n_estimators)\n","logger":"py.warnings"}
{"timestamp":"2025-08-17T21:38:18.948058Z","level":"info","event":"🏃 View run RF Trial: 0 at: http://mlflow:5000/#/experiments/1/runs/c5aa5d927b344f85922a51f79b03da7d","chan":"stdout","logger":"task"}
{"timestamp":"2025-08-17T21:38:19.014787Z","level":"info","event":"🧪 View experiment at: http://mlflow:5000/#/experiments/1","chan":"stdout","logger":"task"}
{"timestamp":"2025-08-17T21:38:19.077618Z","level":"info","event":"Initial trial 0 achieved value: 0.7796299167003921","chan":"stdout","logger":"task"}
{"timestamp":"2025-08-17T21:38:20.486213","level":"warning","event":"/home/airflow/.local/lib/python3.12/site-packages/joblib/parallel.py:1379: UserWarning: Loky-backed parallel loops cannot be called in a multiprocessing, setting n_jobs=1\n  n_jobs = self._backend.configure(\n","logger":"py.warnings"}
{"timestamp":"2025-08-17T21:38:29.371516","level":"warning","event":"/home/airflow/.local/lib/python3.12/site-packages/sklearn/ensemble/_base.py:214: UserWarning: Loky-backed parallel loops cannot be called in a multiprocessing, setting n_jobs=1\n  n_jobs = min(effective_n_jobs(n_jobs), n_estimators)\n","logger":"py.warnings"}
{"timestamp":"2025-08-17T21:38:39.840011","level":"warning","event":"/home/airflow/.local/lib/python3.12/site-packages/sklearn/ensemble/_base.py:214: UserWarning: Loky-backed parallel loops cannot be called in a multiprocessing, setting n_jobs=1\n  n_jobs = min(effective_n_jobs(n_jobs), n_estimators)\n","logger":"py.warnings"}
{"timestamp":"2025-08-17T21:38:48.270229","level":"warning","event":"/home/airflow/.local/lib/python3.12/site-packages/sklearn/ensemble/_base.py:214: UserWarning: Loky-backed parallel loops cannot be called in a multiprocessing, setting n_jobs=1\n  n_jobs = min(effective_n_jobs(n_jobs), n_estimators)\n","logger":"py.warnings"}
{"timestamp":"2025-08-17T21:38:53.419824","level":"warning","event":"/home/airflow/.local/lib/python3.12/site-packages/sklearn/ensemble/_base.py:214: UserWarning: Loky-backed parallel loops cannot be called in a multiprocessing, setting n_jobs=1\n  n_jobs = min(effective_n_jobs(n_jobs), n_estimators)\n","logger":"py.warnings"}
{"timestamp":"2025-08-17T21:39:07.559190","level":"warning","event":"/home/airflow/.local/lib/python3.12/site-packages/sklearn/ensemble/_base.py:214: UserWarning: Loky-backed parallel loops cannot be called in a multiprocessing, setting n_jobs=1\n  n_jobs = min(effective_n_jobs(n_jobs), n_estimators)\n","logger":"py.warnings"}
{"timestamp":"2025-08-17T21:39:11.618580Z","level":"info","event":"🏃 View run RF Trial: 1 at: http://mlflow:5000/#/experiments/1/runs/f7e7466c149440f39309418571fcf686","chan":"stdout","logger":"task"}
{"timestamp":"2025-08-17T21:39:11.661219Z","level":"info","event":"🧪 View experiment at: http://mlflow:5000/#/experiments/1","chan":"stdout","logger":"task"}
{"timestamp":"2025-08-17T21:39:14.230689","level":"warning","event":"/home/airflow/.local/lib/python3.12/site-packages/joblib/parallel.py:1379: UserWarning: Loky-backed parallel loops cannot be called in a multiprocessing, setting n_jobs=1\n  n_jobs = self._backend.configure(\n","logger":"py.warnings"}
{"timestamp":"2025-08-17T21:39:45.498666","level":"warning","event":"/home/airflow/.local/lib/python3.12/site-packages/sklearn/ensemble/_base.py:214: UserWarning: Loky-backed parallel loops cannot be called in a multiprocessing, setting n_jobs=1\n  n_jobs = min(effective_n_jobs(n_jobs), n_estimators)\n","logger":"py.warnings"}
{"timestamp":"2025-08-17T21:40:01.099785","level":"warning","event":"/home/airflow/.local/lib/python3.12/site-packages/sklearn/ensemble/_base.py:214: UserWarning: Loky-backed parallel loops cannot be called in a multiprocessing, setting n_jobs=1\n  n_jobs = min(effective_n_jobs(n_jobs), n_estimators)\n","logger":"py.warnings"}
{"timestamp":"2025-08-17T21:40:20.597326","level":"warning","event":"/home/airflow/.local/lib/python3.12/site-packages/sklearn/ensemble/_base.py:214: UserWarning: Loky-backed parallel loops cannot be called in a multiprocessing, setting n_jobs=1\n  n_jobs = min(effective_n_jobs(n_jobs), n_estimators)\n","logger":"py.warnings"}
{"timestamp":"2025-08-17T21:40:40.128557","level":"warning","event":"/home/airflow/.local/lib/python3.12/site-packages/sklearn/ensemble/_base.py:214: UserWarning: Loky-backed parallel loops cannot be called in a multiprocessing, setting n_jobs=1\n  n_jobs = min(effective_n_jobs(n_jobs), n_estimators)\n","logger":"py.warnings"}
{"timestamp":"2025-08-17T21:40:51.229275Z","level":"critical","event":"Process terminated by signal. For more information, see https://airflow.apache.org/docs/apache-airflow/stable/troubleshooting.html#TaskRunner-killed","signal":-9,"signal_name":"SIGKILL","logger":"task"}
